2020-04-03 09:30:07.940  INFO 66083 --- [restartedMain] c.a.p.a.a.PhotoAppApiAlbumsApplication   : No active profile set, falling back to default profiles: default
2020-04-03 09:30:08.613  WARN 66083 --- [restartedMain] o.s.boot.actuate.endpoint.EndpointId     : Endpoint ID 'service-registry' contains invalid characters, please migrate to a valid format.
2020-04-03 09:30:08.754  INFO 66083 --- [restartedMain] o.s.cloud.context.scope.GenericScope     : BeanFactory id=fce5687c-8caa-3de7-86f9-d6b89e9c58f8
2020-04-03 09:30:08.825  INFO 66083 --- [restartedMain] trationDelegate$BeanPostProcessorChecker : Bean 'org.springframework.cloud.autoconfigure.ConfigurationPropertiesRebinderAutoConfiguration' of type [org.springframework.cloud.autoconfigure.ConfigurationPropertiesRebinderAutoConfiguration$$EnhancerBySpringCGLIB$$db452aa2] is not eligible for getting processed by all BeanPostProcessors (for example: not eligible for auto-proxying)
2020-04-03 09:30:09.249  INFO 66083 --- [restartedMain] o.s.b.w.embedded.tomcat.TomcatWebServer  : Tomcat initialized with port(s): 0 (http)
2020-04-03 09:30:09.268  INFO 66083 --- [restartedMain] o.apache.catalina.core.StandardService   : Starting service [Tomcat]
2020-04-03 09:30:09.269  INFO 66083 --- [restartedMain] org.apache.catalina.core.StandardEngine  : Starting Servlet engine: [Apache Tomcat/9.0.14]
2020-04-03 09:30:09.274  INFO 66083 --- [restartedMain] o.a.catalina.core.AprLifecycleListener   : The APR based Apache Tomcat Native library which allows optimal performance in production environments was not found on the java.library.path: [/Users/poudel/Library/Java/Extensions:/Library/Java/Extensions:/Network/Library/Java/Extensions:/System/Library/Java/Extensions:/usr/lib/java:.]
2020-04-03 09:30:09.346  INFO 66083 --- [restartedMain] o.a.c.c.C.[Tomcat].[localhost].[/]       : Initializing Spring embedded WebApplicationContext
2020-04-03 09:30:09.347  INFO 66083 --- [restartedMain] o.s.web.context.ContextLoader            : Root WebApplicationContext: initialization completed in 1394 ms
2020-04-03 09:30:09.418  WARN 66083 --- [restartedMain] c.n.c.sources.URLConfigurationSource     : No URLs will be polled as dynamic configuration sources.
2020-04-03 09:30:09.418  INFO 66083 --- [restartedMain] c.n.c.sources.URLConfigurationSource     : To enable URLs as dynamic configuration sources, define System property archaius.configurationSource.additionalUrls or make config.properties available on classpath.
2020-04-03 09:30:09.425  INFO 66083 --- [restartedMain] c.netflix.config.DynamicPropertyFactory  : DynamicPropertyFactory is initialized with configuration sources: com.netflix.config.ConcurrentCompositeConfiguration@67c955d2
2020-04-03 09:30:09.719  WARN 66083 --- [restartedMain] c.n.c.sources.URLConfigurationSource     : No URLs will be polled as dynamic configuration sources.
2020-04-03 09:30:09.719  INFO 66083 --- [restartedMain] c.n.c.sources.URLConfigurationSource     : To enable URLs as dynamic configuration sources, define System property archaius.configurationSource.additionalUrls or make config.properties available on classpath.
2020-04-03 09:30:09.846  INFO 66083 --- [restartedMain] o.s.s.concurrent.ThreadPoolTaskExecutor  : Initializing ExecutorService 'applicationTaskExecutor'
2020-04-03 09:30:10.081  WARN 66083 --- [restartedMain] o.s.b.d.a.OptionalLiveReloadServer       : Unable to start LiveReload server
2020-04-03 09:30:10.150  INFO 66083 --- [restartedMain] o.s.b.a.e.web.EndpointLinksResolver      : Exposing 2 endpoint(s) beneath base path '/actuator'
2020-04-03 09:30:10.234  INFO 66083 --- [restartedMain] o.s.b.w.embedded.tomcat.TomcatWebServer  : Tomcat started on port(s): 53788 (http) with context path ''
2020-04-03 09:30:10.235  INFO 66083 --- [restartedMain] .s.c.n.e.s.EurekaAutoServiceRegistration : Updating port to 53788
2020-04-03 09:30:10.239  INFO 66083 --- [restartedMain] o.s.c.n.eureka.InstanceInfoFactory       : Setting initial instance status as: STARTING
2020-04-03 09:30:10.268  INFO 66083 --- [restartedMain] com.netflix.discovery.DiscoveryClient    : Initializing Eureka in region us-east-1
2020-04-03 09:30:10.387  INFO 66083 --- [restartedMain] c.n.d.provider.DiscoveryJerseyProvider   : Using JSON encoding codec LegacyJacksonJson
2020-04-03 09:30:10.387  INFO 66083 --- [restartedMain] c.n.d.provider.DiscoveryJerseyProvider   : Using JSON decoding codec LegacyJacksonJson
2020-04-03 09:30:10.475  INFO 66083 --- [restartedMain] c.n.d.provider.DiscoveryJerseyProvider   : Using XML encoding codec XStreamXml
2020-04-03 09:30:10.475  INFO 66083 --- [restartedMain] c.n.d.provider.DiscoveryJerseyProvider   : Using XML decoding codec XStreamXml
2020-04-03 09:30:10.571  INFO 66083 --- [restartedMain] c.n.d.s.r.aws.ConfigClusterResolver      : Resolving eureka endpoints via configuration
2020-04-03 09:30:10.586  INFO 66083 --- [restartedMain] com.netflix.discovery.DiscoveryClient    : Disable delta property : false
2020-04-03 09:30:10.586  INFO 66083 --- [restartedMain] com.netflix.discovery.DiscoveryClient    : Single vip registry refresh property : null
2020-04-03 09:30:10.586  INFO 66083 --- [restartedMain] com.netflix.discovery.DiscoveryClient    : Force full registry fetch : false
2020-04-03 09:30:10.586  INFO 66083 --- [restartedMain] com.netflix.discovery.DiscoveryClient    : Application is null : false
2020-04-03 09:30:10.586  INFO 66083 --- [restartedMain] com.netflix.discovery.DiscoveryClient    : Registered Applications size is zero : true
2020-04-03 09:30:10.586  INFO 66083 --- [restartedMain] com.netflix.discovery.DiscoveryClient    : Application version is -1: true
2020-04-03 09:30:10.586  INFO 66083 --- [restartedMain] com.netflix.discovery.DiscoveryClient    : Getting all instance registry info from the eureka server
2020-04-03 09:30:10.707  INFO 66083 --- [restartedMain] com.netflix.discovery.DiscoveryClient    : The response status is 200
2020-04-03 09:30:10.709  INFO 66083 --- [restartedMain] com.netflix.discovery.DiscoveryClient    : Starting heartbeat executor: renew interval is: 30
2020-04-03 09:30:10.710  INFO 66083 --- [restartedMain] c.n.discovery.InstanceInfoReplicator     : InstanceInfoReplicator onDemand update allowed rate per min is 4
2020-04-03 09:30:10.713  INFO 66083 --- [restartedMain] com.netflix.discovery.DiscoveryClient    : Discovery Client initialized at timestamp 1585924210712 with initial instances count: 2
2020-04-03 09:30:10.714  INFO 66083 --- [restartedMain] o.s.c.n.e.s.EurekaServiceRegistry        : Registering application ALBUMS-SERVICE with eureka with status UP
2020-04-03 09:30:10.714  INFO 66083 --- [restartedMain] com.netflix.discovery.DiscoveryClient    : Saw local status change event StatusChangeEvent [timestamp=1585924210714, current=UP, previous=STARTING]
2020-04-03 09:30:10.715  INFO 66083 --- [DiscoveryClient-InstanceInfoReplicator-0] com.netflix.discovery.DiscoveryClient    : DiscoveryClient_ALBUMS-SERVICE/albums-service:186c66e8c5a85bb4aa2795e5da234d99: registering service...
2020-04-03 09:30:10.720  INFO 66083 --- [restartedMain] c.a.p.a.a.PhotoAppApiAlbumsApplication   : Started PhotoAppApiAlbumsApplication in 3.45 seconds (JVM running for 3.944)
2020-04-03 09:30:10.739  INFO 66083 --- [DiscoveryClient-InstanceInfoReplicator-0] com.netflix.discovery.DiscoveryClient    : DiscoveryClient_ALBUMS-SERVICE/albums-service:186c66e8c5a85bb4aa2795e5da234d99 - registration status: 204
2020-04-03 09:30:10.976  INFO 66083 --- [RMI TCP Connection(3)-127.0.0.1] o.a.c.c.C.[Tomcat].[localhost].[/]       : Initializing Spring DispatcherServlet 'dispatcherServlet'
2020-04-03 09:30:10.977  INFO 66083 --- [RMI TCP Connection(3)-127.0.0.1] o.s.web.servlet.DispatcherServlet        : Initializing Servlet 'dispatcherServlet'
2020-04-03 09:30:10.984  INFO 66083 --- [RMI TCP Connection(3)-127.0.0.1] o.s.web.servlet.DispatcherServlet        : Completed initialization in 7 ms
2020-04-03 09:35:10.588  INFO 66083 --- [AsyncResolver-bootstrap-executor-0] c.n.d.s.r.aws.ConfigClusterResolver      : Resolving eureka endpoints via configuration
2020-04-03 09:38:05.248  INFO 66083 --- [Thread-11] o.s.c.n.e.s.EurekaServiceRegistry        : Unregistering application ALBUMS-SERVICE with eureka with status DOWN
2020-04-03 09:38:05.248  WARN 66083 --- [Thread-11] com.netflix.discovery.DiscoveryClient    : Saw local status change event StatusChangeEvent [timestamp=1585924685248, current=DOWN, previous=UP]
2020-04-03 09:38:05.248  INFO 66083 --- [DiscoveryClient-InstanceInfoReplicator-0] com.netflix.discovery.DiscoveryClient    : DiscoveryClient_ALBUMS-SERVICE/albums-service:186c66e8c5a85bb4aa2795e5da234d99: registering service...
2020-04-03 09:38:05.252  INFO 66083 --- [Thread-11] o.s.s.concurrent.ThreadPoolTaskExecutor  : Shutting down ExecutorService 'applicationTaskExecutor'
2020-04-03 09:38:05.252  INFO 66083 --- [DiscoveryClient-InstanceInfoReplicator-0] com.netflix.discovery.DiscoveryClient    : DiscoveryClient_ALBUMS-SERVICE/albums-service:186c66e8c5a85bb4aa2795e5da234d99 - registration status: 204
2020-04-03 09:38:05.255  INFO 66083 --- [Thread-11] com.netflix.discovery.DiscoveryClient    : Shutting down DiscoveryClient ...
2020-04-03 09:38:08.256  INFO 66083 --- [Thread-11] com.netflix.discovery.DiscoveryClient    : Unregistering ...
2020-04-03 09:38:08.264  INFO 66083 --- [Thread-11] com.netflix.discovery.DiscoveryClient    : DiscoveryClient_ALBUMS-SERVICE/albums-service:186c66e8c5a85bb4aa2795e5da234d99 - deregister  status: 200
2020-04-03 09:38:08.272  INFO 66083 --- [Thread-11] com.netflix.discovery.DiscoveryClient    : Completed shut down of DiscoveryClient
2020-04-03 09:38:12.026  INFO 67634 --- [restartedMain] c.a.p.a.a.PhotoAppApiAlbumsApplication   : No active profile set, falling back to default profiles: default
2020-04-03 09:38:12.562  WARN 67634 --- [restartedMain] o.s.boot.actuate.endpoint.EndpointId     : Endpoint ID 'service-registry' contains invalid characters, please migrate to a valid format.
2020-04-03 09:38:12.707  INFO 67634 --- [restartedMain] o.s.cloud.context.scope.GenericScope     : BeanFactory id=fce5687c-8caa-3de7-86f9-d6b89e9c58f8
2020-04-03 09:38:12.764  INFO 67634 --- [restartedMain] trationDelegate$BeanPostProcessorChecker : Bean 'org.springframework.cloud.autoconfigure.ConfigurationPropertiesRebinderAutoConfiguration' of type [org.springframework.cloud.autoconfigure.ConfigurationPropertiesRebinderAutoConfiguration$$EnhancerBySpringCGLIB$$d0d3b0e7] is not eligible for getting processed by all BeanPostProcessors (for example: not eligible for auto-proxying)
2020-04-03 09:38:13.120  INFO 67634 --- [restartedMain] o.s.b.w.embedded.tomcat.TomcatWebServer  : Tomcat initialized with port(s): 0 (http)
2020-04-03 09:38:13.138  INFO 67634 --- [restartedMain] o.apache.catalina.core.StandardService   : Starting service [Tomcat]
2020-04-03 09:38:13.139  INFO 67634 --- [restartedMain] org.apache.catalina.core.StandardEngine  : Starting Servlet engine: [Apache Tomcat/9.0.14]
2020-04-03 09:38:13.144  INFO 67634 --- [restartedMain] o.a.catalina.core.AprLifecycleListener   : The APR based Apache Tomcat Native library which allows optimal performance in production environments was not found on the java.library.path: [/Users/poudel/Library/Java/Extensions:/Library/Java/Extensions:/Network/Library/Java/Extensions:/System/Library/Java/Extensions:/usr/lib/java:.]
2020-04-03 09:38:13.226  INFO 67634 --- [restartedMain] o.a.c.c.C.[Tomcat].[localhost].[/]       : Initializing Spring embedded WebApplicationContext
2020-04-03 09:38:13.226  INFO 67634 --- [restartedMain] o.s.web.context.ContextLoader            : Root WebApplicationContext: initialization completed in 1190 ms
2020-04-03 09:38:13.298  WARN 67634 --- [restartedMain] c.n.c.sources.URLConfigurationSource     : No URLs will be polled as dynamic configuration sources.
2020-04-03 09:38:13.298  INFO 67634 --- [restartedMain] c.n.c.sources.URLConfigurationSource     : To enable URLs as dynamic configuration sources, define System property archaius.configurationSource.additionalUrls or make config.properties available on classpath.
2020-04-03 09:38:13.305  INFO 67634 --- [restartedMain] c.netflix.config.DynamicPropertyFactory  : DynamicPropertyFactory is initialized with configuration sources: com.netflix.config.ConcurrentCompositeConfiguration@6daae3e
2020-04-03 09:38:13.554  WARN 67634 --- [restartedMain] c.n.c.sources.URLConfigurationSource     : No URLs will be polled as dynamic configuration sources.
2020-04-03 09:38:13.554  INFO 67634 --- [restartedMain] c.n.c.sources.URLConfigurationSource     : To enable URLs as dynamic configuration sources, define System property archaius.configurationSource.additionalUrls or make config.properties available on classpath.
2020-04-03 09:38:13.669  INFO 67634 --- [restartedMain] o.s.s.concurrent.ThreadPoolTaskExecutor  : Initializing ExecutorService 'applicationTaskExecutor'
2020-04-03 09:38:13.881  WARN 67634 --- [restartedMain] o.s.b.d.a.OptionalLiveReloadServer       : Unable to start LiveReload server
2020-04-03 09:38:13.948  INFO 67634 --- [restartedMain] o.s.b.a.e.web.EndpointLinksResolver      : Exposing 2 endpoint(s) beneath base path '/actuator'
2020-04-03 09:38:14.026  INFO 67634 --- [restartedMain] o.s.b.w.embedded.tomcat.TomcatWebServer  : Tomcat started on port(s): 54870 (http) with context path ''
2020-04-03 09:38:14.027  INFO 67634 --- [restartedMain] .s.c.n.e.s.EurekaAutoServiceRegistration : Updating port to 54870
2020-04-03 09:38:14.030  INFO 67634 --- [restartedMain] o.s.c.n.eureka.InstanceInfoFactory       : Setting initial instance status as: STARTING
2020-04-03 09:38:14.063  INFO 67634 --- [restartedMain] com.netflix.discovery.DiscoveryClient    : Initializing Eureka in region us-east-1
2020-04-03 09:38:14.176  INFO 67634 --- [restartedMain] c.n.d.provider.DiscoveryJerseyProvider   : Using JSON encoding codec LegacyJacksonJson
2020-04-03 09:38:14.176  INFO 67634 --- [restartedMain] c.n.d.provider.DiscoveryJerseyProvider   : Using JSON decoding codec LegacyJacksonJson
2020-04-03 09:38:14.256  INFO 67634 --- [restartedMain] c.n.d.provider.DiscoveryJerseyProvider   : Using XML encoding codec XStreamXml
2020-04-03 09:38:14.257  INFO 67634 --- [restartedMain] c.n.d.provider.DiscoveryJerseyProvider   : Using XML decoding codec XStreamXml
2020-04-03 09:38:14.350  INFO 67634 --- [restartedMain] c.n.d.s.r.aws.ConfigClusterResolver      : Resolving eureka endpoints via configuration
2020-04-03 09:38:14.364  INFO 67634 --- [restartedMain] com.netflix.discovery.DiscoveryClient    : Disable delta property : false
2020-04-03 09:38:14.364  INFO 67634 --- [restartedMain] com.netflix.discovery.DiscoveryClient    : Single vip registry refresh property : null
2020-04-03 09:38:14.364  INFO 67634 --- [restartedMain] com.netflix.discovery.DiscoveryClient    : Force full registry fetch : false
2020-04-03 09:38:14.364  INFO 67634 --- [restartedMain] com.netflix.discovery.DiscoveryClient    : Application is null : false
2020-04-03 09:38:14.364  INFO 67634 --- [restartedMain] com.netflix.discovery.DiscoveryClient    : Registered Applications size is zero : true
2020-04-03 09:38:14.364  INFO 67634 --- [restartedMain] com.netflix.discovery.DiscoveryClient    : Application version is -1: true
2020-04-03 09:38:14.364  INFO 67634 --- [restartedMain] com.netflix.discovery.DiscoveryClient    : Getting all instance registry info from the eureka server
2020-04-03 09:38:14.472  INFO 67634 --- [restartedMain] com.netflix.discovery.DiscoveryClient    : The response status is 200
2020-04-03 09:38:14.474  INFO 67634 --- [restartedMain] com.netflix.discovery.DiscoveryClient    : Starting heartbeat executor: renew interval is: 30
2020-04-03 09:38:14.475  INFO 67634 --- [restartedMain] c.n.discovery.InstanceInfoReplicator     : InstanceInfoReplicator onDemand update allowed rate per min is 4
2020-04-03 09:38:14.477  INFO 67634 --- [restartedMain] com.netflix.discovery.DiscoveryClient    : Discovery Client initialized at timestamp 1585924694477 with initial instances count: 3
2020-04-03 09:38:14.478  INFO 67634 --- [restartedMain] o.s.c.n.e.s.EurekaServiceRegistry        : Registering application ALBUMS-SERVICE with eureka with status UP
2020-04-03 09:38:14.479  INFO 67634 --- [restartedMain] com.netflix.discovery.DiscoveryClient    : Saw local status change event StatusChangeEvent [timestamp=1585924694479, current=UP, previous=STARTING]
2020-04-03 09:38:14.480  INFO 67634 --- [DiscoveryClient-InstanceInfoReplicator-0] com.netflix.discovery.DiscoveryClient    : DiscoveryClient_ALBUMS-SERVICE/albums-service:a09fb9074dad188fcae1afe41b39790e: registering service...
2020-04-03 09:38:14.483  INFO 67634 --- [restartedMain] c.a.p.a.a.PhotoAppApiAlbumsApplication   : Started PhotoAppApiAlbumsApplication in 3.029 seconds (JVM running for 3.616)
2020-04-03 09:38:14.500  INFO 67634 --- [DiscoveryClient-InstanceInfoReplicator-0] com.netflix.discovery.DiscoveryClient    : DiscoveryClient_ALBUMS-SERVICE/albums-service:a09fb9074dad188fcae1afe41b39790e - registration status: 204
2020-04-03 09:38:14.541  INFO 67634 --- [RMI TCP Connection(2)-127.0.0.1] o.a.c.c.C.[Tomcat].[localhost].[/]       : Initializing Spring DispatcherServlet 'dispatcherServlet'
2020-04-03 09:38:14.542  INFO 67634 --- [RMI TCP Connection(2)-127.0.0.1] o.s.web.servlet.DispatcherServlet        : Initializing Servlet 'dispatcherServlet'
2020-04-03 09:38:14.548  INFO 67634 --- [RMI TCP Connection(2)-127.0.0.1] o.s.web.servlet.DispatcherServlet        : Completed initialization in 6 ms
2020-04-03 09:40:55.220  INFO 67634 --- [http-nio-auto-1-exec-1] c.a.p.a.a.i.c.AlbumsController           : Returning 2 albums
2020-04-03 09:43:14.367  INFO 67634 --- [AsyncResolver-bootstrap-executor-0] c.n.d.s.r.aws.ConfigClusterResolver      : Resolving eureka endpoints via configuration
2020-04-03 09:46:13.628  INFO 67634 --- [http-nio-auto-1-exec-3] c.a.p.a.a.i.c.AlbumsController           : Returning 2 albums
2020-04-03 09:49:55.302  INFO 67634 --- [AsyncResolver-bootstrap-executor-0] c.n.d.s.r.aws.ConfigClusterResolver      : Resolving eureka endpoints via configuration
2020-04-03 09:54:55.311  INFO 67634 --- [AsyncResolver-bootstrap-executor-0] c.n.d.s.r.aws.ConfigClusterResolver      : Resolving eureka endpoints via configuration
2020-04-03 09:59:55.319  INFO 67634 --- [AsyncResolver-bootstrap-executor-0] c.n.d.s.r.aws.ConfigClusterResolver      : Resolving eureka endpoints via configuration
2020-04-03 10:04:55.325  INFO 67634 --- [AsyncResolver-bootstrap-executor-0] c.n.d.s.r.aws.ConfigClusterResolver      : Resolving eureka endpoints via configuration
2020-04-03 10:09:55.333  INFO 67634 --- [AsyncResolver-bootstrap-executor-0] c.n.d.s.r.aws.ConfigClusterResolver      : Resolving eureka endpoints via configuration
2020-04-03 10:14:55.340  INFO 67634 --- [AsyncResolver-bootstrap-executor-0] c.n.d.s.r.aws.ConfigClusterResolver      : Resolving eureka endpoints via configuration
2020-04-03 10:19:55.330  INFO 67634 --- [AsyncResolver-bootstrap-executor-0] c.n.d.s.r.aws.ConfigClusterResolver      : Resolving eureka endpoints via configuration
2020-04-03 10:24:55.337  INFO 67634 --- [AsyncResolver-bootstrap-executor-0] c.n.d.s.r.aws.ConfigClusterResolver      : Resolving eureka endpoints via configuration
2020-04-03 10:29:55.344  INFO 67634 --- [AsyncResolver-bootstrap-executor-0] c.n.d.s.r.aws.ConfigClusterResolver      : Resolving eureka endpoints via configuration
2020-04-03 10:34:55.355  INFO 67634 --- [AsyncResolver-bootstrap-executor-0] c.n.d.s.r.aws.ConfigClusterResolver      : Resolving eureka endpoints via configuration
2020-04-03 10:38:45.294  INFO 67634 --- [Thread-11] o.s.c.n.e.s.EurekaServiceRegistry        : Unregistering application ALBUMS-SERVICE with eureka with status DOWN
2020-04-03 10:38:45.294  WARN 67634 --- [Thread-11] com.netflix.discovery.DiscoveryClient    : Saw local status change event StatusChangeEvent [timestamp=1585928325294, current=DOWN, previous=UP]
2020-04-03 10:38:45.295  INFO 67634 --- [DiscoveryClient-InstanceInfoReplicator-0] com.netflix.discovery.DiscoveryClient    : DiscoveryClient_ALBUMS-SERVICE/albums-service:a09fb9074dad188fcae1afe41b39790e: registering service...
2020-04-03 10:38:45.304  INFO 67634 --- [DiscoveryClient-InstanceInfoReplicator-0] com.netflix.discovery.DiscoveryClient    : DiscoveryClient_ALBUMS-SERVICE/albums-service:a09fb9074dad188fcae1afe41b39790e - registration status: 204
2020-04-03 10:38:45.323  INFO 67634 --- [Thread-11] o.s.s.concurrent.ThreadPoolTaskExecutor  : Shutting down ExecutorService 'applicationTaskExecutor'
2020-04-03 10:38:45.350  INFO 67634 --- [Thread-11] com.netflix.discovery.DiscoveryClient    : Shutting down DiscoveryClient ...
2020-04-03 10:38:48.351  INFO 67634 --- [Thread-11] com.netflix.discovery.DiscoveryClient    : Unregistering ...
2020-04-03 10:38:48.361  INFO 67634 --- [Thread-11] com.netflix.discovery.DiscoveryClient    : DiscoveryClient_ALBUMS-SERVICE/albums-service:a09fb9074dad188fcae1afe41b39790e - deregister  status: 200
2020-04-03 10:38:48.375  INFO 67634 --- [Thread-11] com.netflix.discovery.DiscoveryClient    : Completed shut down of DiscoveryClient
2020-04-03 10:38:50.971  INFO 79040 --- [restartedMain] c.a.p.a.a.PhotoAppApiAlbumsApplication   : No active profile set, falling back to default profiles: default
2020-04-03 10:38:51.566  WARN 79040 --- [restartedMain] o.s.boot.actuate.endpoint.EndpointId     : Endpoint ID 'service-registry' contains invalid characters, please migrate to a valid format.
2020-04-03 10:38:51.689  INFO 79040 --- [restartedMain] o.s.cloud.context.scope.GenericScope     : BeanFactory id=fce5687c-8caa-3de7-86f9-d6b89e9c58f8
2020-04-03 10:38:51.748  INFO 79040 --- [restartedMain] trationDelegate$BeanPostProcessorChecker : Bean 'org.springframework.cloud.autoconfigure.ConfigurationPropertiesRebinderAutoConfiguration' of type [org.springframework.cloud.autoconfigure.ConfigurationPropertiesRebinderAutoConfiguration$$EnhancerBySpringCGLIB$$620264fe] is not eligible for getting processed by all BeanPostProcessors (for example: not eligible for auto-proxying)
2020-04-03 10:38:52.134  INFO 79040 --- [restartedMain] o.s.b.w.embedded.tomcat.TomcatWebServer  : Tomcat initialized with port(s): 0 (http)
2020-04-03 10:38:52.151  INFO 79040 --- [restartedMain] o.apache.catalina.core.StandardService   : Starting service [Tomcat]
2020-04-03 10:38:52.151  INFO 79040 --- [restartedMain] org.apache.catalina.core.StandardEngine  : Starting Servlet engine: [Apache Tomcat/9.0.14]
2020-04-03 10:38:52.156  INFO 79040 --- [restartedMain] o.a.catalina.core.AprLifecycleListener   : The APR based Apache Tomcat Native library which allows optimal performance in production environments was not found on the java.library.path: [/Users/poudel/Library/Java/Extensions:/Library/Java/Extensions:/Network/Library/Java/Extensions:/System/Library/Java/Extensions:/usr/lib/java:.]
2020-04-03 10:38:52.223  INFO 79040 --- [restartedMain] o.a.c.c.C.[Tomcat].[localhost].[/]       : Initializing Spring embedded WebApplicationContext
2020-04-03 10:38:52.223  INFO 79040 --- [restartedMain] o.s.web.context.ContextLoader            : Root WebApplicationContext: initialization completed in 1242 ms
2020-04-03 10:38:52.286  WARN 79040 --- [restartedMain] c.n.c.sources.URLConfigurationSource     : No URLs will be polled as dynamic configuration sources.
2020-04-03 10:38:52.286  INFO 79040 --- [restartedMain] c.n.c.sources.URLConfigurationSource     : To enable URLs as dynamic configuration sources, define System property archaius.configurationSource.additionalUrls or make config.properties available on classpath.
2020-04-03 10:38:52.294  INFO 79040 --- [restartedMain] c.netflix.config.DynamicPropertyFactory  : DynamicPropertyFactory is initialized with configuration sources: com.netflix.config.ConcurrentCompositeConfiguration@38524527
2020-04-03 10:38:52.536  WARN 79040 --- [restartedMain] c.n.c.sources.URLConfigurationSource     : No URLs will be polled as dynamic configuration sources.
2020-04-03 10:38:52.536  INFO 79040 --- [restartedMain] c.n.c.sources.URLConfigurationSource     : To enable URLs as dynamic configuration sources, define System property archaius.configurationSource.additionalUrls or make config.properties available on classpath.
2020-04-03 10:38:52.662  INFO 79040 --- [restartedMain] o.s.s.concurrent.ThreadPoolTaskExecutor  : Initializing ExecutorService 'applicationTaskExecutor'
2020-04-03 10:38:52.871  WARN 79040 --- [restartedMain] o.s.b.d.a.OptionalLiveReloadServer       : Unable to start LiveReload server
2020-04-03 10:38:52.932  INFO 79040 --- [restartedMain] o.s.b.a.e.web.EndpointLinksResolver      : Exposing 2 endpoint(s) beneath base path '/actuator'
2020-04-03 10:38:53.003  INFO 79040 --- [restartedMain] o.s.b.w.embedded.tomcat.TomcatWebServer  : Tomcat started on port(s): 59267 (http) with context path ''
2020-04-03 10:38:53.004  INFO 79040 --- [restartedMain] .s.c.n.e.s.EurekaAutoServiceRegistration : Updating port to 59267
2020-04-03 10:38:53.007  INFO 79040 --- [restartedMain] o.s.c.n.eureka.InstanceInfoFactory       : Setting initial instance status as: STARTING
2020-04-03 10:38:53.040  INFO 79040 --- [restartedMain] com.netflix.discovery.DiscoveryClient    : Initializing Eureka in region us-east-1
2020-04-03 10:38:53.157  INFO 79040 --- [restartedMain] c.n.d.provider.DiscoveryJerseyProvider   : Using JSON encoding codec LegacyJacksonJson
2020-04-03 10:38:53.157  INFO 79040 --- [restartedMain] c.n.d.provider.DiscoveryJerseyProvider   : Using JSON decoding codec LegacyJacksonJson
2020-04-03 10:38:53.239  INFO 79040 --- [restartedMain] c.n.d.provider.DiscoveryJerseyProvider   : Using XML encoding codec XStreamXml
2020-04-03 10:38:53.239  INFO 79040 --- [restartedMain] c.n.d.provider.DiscoveryJerseyProvider   : Using XML decoding codec XStreamXml
2020-04-03 10:38:53.329  INFO 79040 --- [restartedMain] c.n.d.s.r.aws.ConfigClusterResolver      : Resolving eureka endpoints via configuration
2020-04-03 10:38:53.342  INFO 79040 --- [restartedMain] com.netflix.discovery.DiscoveryClient    : Disable delta property : false
2020-04-03 10:38:53.342  INFO 79040 --- [restartedMain] com.netflix.discovery.DiscoveryClient    : Single vip registry refresh property : null
2020-04-03 10:38:53.342  INFO 79040 --- [restartedMain] com.netflix.discovery.DiscoveryClient    : Force full registry fetch : false
2020-04-03 10:38:53.342  INFO 79040 --- [restartedMain] com.netflix.discovery.DiscoveryClient    : Application is null : false
2020-04-03 10:38:53.342  INFO 79040 --- [restartedMain] com.netflix.discovery.DiscoveryClient    : Registered Applications size is zero : true
2020-04-03 10:38:53.342  INFO 79040 --- [restartedMain] com.netflix.discovery.DiscoveryClient    : Application version is -1: true
2020-04-03 10:38:53.342  INFO 79040 --- [restartedMain] com.netflix.discovery.DiscoveryClient    : Getting all instance registry info from the eureka server
2020-04-03 10:38:53.457  INFO 79040 --- [restartedMain] com.netflix.discovery.DiscoveryClient    : The response status is 200
2020-04-03 10:38:53.459  INFO 79040 --- [restartedMain] com.netflix.discovery.DiscoveryClient    : Starting heartbeat executor: renew interval is: 30
2020-04-03 10:38:53.460  INFO 79040 --- [restartedMain] c.n.discovery.InstanceInfoReplicator     : InstanceInfoReplicator onDemand update allowed rate per min is 4
2020-04-03 10:38:53.462  INFO 79040 --- [restartedMain] com.netflix.discovery.DiscoveryClient    : Discovery Client initialized at timestamp 1585928333462 with initial instances count: 3
2020-04-03 10:38:53.463  INFO 79040 --- [restartedMain] o.s.c.n.e.s.EurekaServiceRegistry        : Registering application ALBUMS-SERVICE with eureka with status UP
2020-04-03 10:38:53.463  INFO 79040 --- [restartedMain] com.netflix.discovery.DiscoveryClient    : Saw local status change event StatusChangeEvent [timestamp=1585928333463, current=UP, previous=STARTING]
2020-04-03 10:38:53.465  INFO 79040 --- [DiscoveryClient-InstanceInfoReplicator-0] com.netflix.discovery.DiscoveryClient    : DiscoveryClient_ALBUMS-SERVICE/albums-service:cd0ef6418f11bf09a8de8cf6d982bd24: registering service...
2020-04-03 10:38:53.468  INFO 79040 --- [restartedMain] c.a.p.a.a.PhotoAppApiAlbumsApplication   : Started PhotoAppApiAlbumsApplication in 3.026 seconds (JVM running for 3.514)
2020-04-03 10:38:53.487  INFO 79040 --- [DiscoveryClient-InstanceInfoReplicator-0] com.netflix.discovery.DiscoveryClient    : DiscoveryClient_ALBUMS-SERVICE/albums-service:cd0ef6418f11bf09a8de8cf6d982bd24 - registration status: 204
2020-04-03 10:38:53.653  INFO 79040 --- [RMI TCP Connection(3)-192.168.0.139] o.a.c.c.C.[Tomcat].[localhost].[/]       : Initializing Spring DispatcherServlet 'dispatcherServlet'
2020-04-03 10:38:53.654  INFO 79040 --- [RMI TCP Connection(3)-192.168.0.139] o.s.web.servlet.DispatcherServlet        : Initializing Servlet 'dispatcherServlet'
2020-04-03 10:38:53.660  INFO 79040 --- [RMI TCP Connection(3)-192.168.0.139] o.s.web.servlet.DispatcherServlet        : Completed initialization in 6 ms
2020-04-03 10:43:53.353  INFO 79040 --- [AsyncResolver-bootstrap-executor-0] c.n.d.s.r.aws.ConfigClusterResolver      : Resolving eureka endpoints via configuration
2020-04-03 10:48:53.360  INFO 79040 --- [AsyncResolver-bootstrap-executor-0] c.n.d.s.r.aws.ConfigClusterResolver      : Resolving eureka endpoints via configuration
2020-04-03 10:53:53.345  INFO 79040 --- [AsyncResolver-bootstrap-executor-0] c.n.d.s.r.aws.ConfigClusterResolver      : Resolving eureka endpoints via configuration
2020-04-03 10:58:53.354  INFO 79040 --- [AsyncResolver-bootstrap-executor-0] c.n.d.s.r.aws.ConfigClusterResolver      : Resolving eureka endpoints via configuration
2020-04-03 11:03:53.362  INFO 79040 --- [AsyncResolver-bootstrap-executor-0] c.n.d.s.r.aws.ConfigClusterResolver      : Resolving eureka endpoints via configuration
2020-04-03 11:08:53.373  INFO 79040 --- [AsyncResolver-bootstrap-executor-0] c.n.d.s.r.aws.ConfigClusterResolver      : Resolving eureka endpoints via configuration
2020-04-03 11:13:54.761  INFO 79040 --- [AsyncResolver-bootstrap-executor-0] c.n.d.s.r.aws.ConfigClusterResolver      : Resolving eureka endpoints via configuration
2020-04-03 11:18:54.771  INFO 79040 --- [AsyncResolver-bootstrap-executor-0] c.n.d.s.r.aws.ConfigClusterResolver      : Resolving eureka endpoints via configuration
2020-04-03 11:23:54.782  INFO 79040 --- [AsyncResolver-bootstrap-executor-0] c.n.d.s.r.aws.ConfigClusterResolver      : Resolving eureka endpoints via configuration
2020-04-03 11:28:54.781  INFO 79040 --- [AsyncResolver-bootstrap-executor-0] c.n.d.s.r.aws.ConfigClusterResolver      : Resolving eureka endpoints via configuration
2020-04-03 11:33:54.789  INFO 79040 --- [AsyncResolver-bootstrap-executor-0] c.n.d.s.r.aws.ConfigClusterResolver      : Resolving eureka endpoints via configuration
2020-04-03 11:34:09.444  INFO 79040 --- [http-nio-auto-1-exec-1] c.a.p.a.a.i.c.AlbumsController           : Returning 2 albums
2020-04-03 11:38:54.800  INFO 79040 --- [AsyncResolver-bootstrap-executor-0] c.n.d.s.r.aws.ConfigClusterResolver      : Resolving eureka endpoints via configuration
2020-04-03 11:43:54.811  INFO 79040 --- [AsyncResolver-bootstrap-executor-0] c.n.d.s.r.aws.ConfigClusterResolver      : Resolving eureka endpoints via configuration
2020-04-03 11:44:56.762  INFO 79040 --- [http-nio-auto-1-exec-3] c.a.p.a.a.i.c.AlbumsController           : Returning 2 albums
2020-04-03 11:48:54.822  INFO 79040 --- [AsyncResolver-bootstrap-executor-0] c.n.d.s.r.aws.ConfigClusterResolver      : Resolving eureka endpoints via configuration
2020-04-03 11:53:54.833  INFO 79040 --- [AsyncResolver-bootstrap-executor-0] c.n.d.s.r.aws.ConfigClusterResolver      : Resolving eureka endpoints via configuration
2020-04-03 11:58:54.839  INFO 79040 --- [AsyncResolver-bootstrap-executor-0] c.n.d.s.r.aws.ConfigClusterResolver      : Resolving eureka endpoints via configuration
2020-04-03 12:03:54.820  INFO 79040 --- [AsyncResolver-bootstrap-executor-0] c.n.d.s.r.aws.ConfigClusterResolver      : Resolving eureka endpoints via configuration
2020-04-03 12:08:54.830  INFO 79040 --- [AsyncResolver-bootstrap-executor-0] c.n.d.s.r.aws.ConfigClusterResolver      : Resolving eureka endpoints via configuration
2020-04-03 12:13:54.846  INFO 79040 --- [AsyncResolver-bootstrap-executor-0] c.n.d.s.r.aws.ConfigClusterResolver      : Resolving eureka endpoints via configuration
2020-04-03 12:18:54.853  INFO 79040 --- [AsyncResolver-bootstrap-executor-0] c.n.d.s.r.aws.ConfigClusterResolver      : Resolving eureka endpoints via configuration
2020-04-03 12:23:54.858  INFO 79040 --- [AsyncResolver-bootstrap-executor-0] c.n.d.s.r.aws.ConfigClusterResolver      : Resolving eureka endpoints via configuration
2020-04-03 12:28:54.865  INFO 79040 --- [AsyncResolver-bootstrap-executor-0] c.n.d.s.r.aws.ConfigClusterResolver      : Resolving eureka endpoints via configuration
2020-04-03 12:33:54.853  INFO 79040 --- [AsyncResolver-bootstrap-executor-0] c.n.d.s.r.aws.ConfigClusterResolver      : Resolving eureka endpoints via configuration
2020-04-03 12:38:54.864  INFO 79040 --- [AsyncResolver-bootstrap-executor-0] c.n.d.s.r.aws.ConfigClusterResolver      : Resolving eureka endpoints via configuration
2020-04-03 12:43:54.873  INFO 79040 --- [AsyncResolver-bootstrap-executor-0] c.n.d.s.r.aws.ConfigClusterResolver      : Resolving eureka endpoints via configuration
2020-04-03 12:48:54.881  INFO 79040 --- [AsyncResolver-bootstrap-executor-0] c.n.d.s.r.aws.ConfigClusterResolver      : Resolving eureka endpoints via configuration
2020-04-03 12:53:54.890  INFO 79040 --- [AsyncResolver-bootstrap-executor-0] c.n.d.s.r.aws.ConfigClusterResolver      : Resolving eureka endpoints via configuration
2020-04-03 12:58:54.901  INFO 79040 --- [AsyncResolver-bootstrap-executor-0] c.n.d.s.r.aws.ConfigClusterResolver      : Resolving eureka endpoints via configuration
2020-04-03 13:03:54.889  INFO 79040 --- [AsyncResolver-bootstrap-executor-0] c.n.d.s.r.aws.ConfigClusterResolver      : Resolving eureka endpoints via configuration
2020-04-03 13:08:54.899  INFO 79040 --- [AsyncResolver-bootstrap-executor-0] c.n.d.s.r.aws.ConfigClusterResolver      : Resolving eureka endpoints via configuration
2020-04-03 13:13:54.910  INFO 79040 --- [AsyncResolver-bootstrap-executor-0] c.n.d.s.r.aws.ConfigClusterResolver      : Resolving eureka endpoints via configuration
2020-04-03 13:18:54.921  INFO 79040 --- [AsyncResolver-bootstrap-executor-0] c.n.d.s.r.aws.ConfigClusterResolver      : Resolving eureka endpoints via configuration
2020-04-03 13:23:54.937  INFO 79040 --- [AsyncResolver-bootstrap-executor-0] c.n.d.s.r.aws.ConfigClusterResolver      : Resolving eureka endpoints via configuration
2020-04-03 13:23:56.651  INFO 79040 --- [Thread-11] o.s.c.n.e.s.EurekaServiceRegistry        : Unregistering application ALBUMS-SERVICE with eureka with status DOWN
2020-04-03 13:23:56.652  WARN 79040 --- [Thread-11] com.netflix.discovery.DiscoveryClient    : Saw local status change event StatusChangeEvent [timestamp=1585938236651, current=DOWN, previous=UP]
2020-04-03 13:23:56.653  INFO 79040 --- [DiscoveryClient-InstanceInfoReplicator-0] com.netflix.discovery.DiscoveryClient    : DiscoveryClient_ALBUMS-SERVICE/albums-service:cd0ef6418f11bf09a8de8cf6d982bd24: registering service...
2020-04-03 13:23:56.661  INFO 79040 --- [DiscoveryClient-InstanceInfoReplicator-0] com.netflix.discovery.DiscoveryClient    : DiscoveryClient_ALBUMS-SERVICE/albums-service:cd0ef6418f11bf09a8de8cf6d982bd24 - registration status: 204
2020-04-03 13:23:56.752  INFO 79040 --- [Thread-11] o.s.s.concurrent.ThreadPoolTaskExecutor  : Shutting down ExecutorService 'applicationTaskExecutor'
2020-04-03 13:23:56.783  INFO 79040 --- [Thread-11] com.netflix.discovery.DiscoveryClient    : Shutting down DiscoveryClient ...
2020-04-03 13:23:59.786  INFO 79040 --- [Thread-11] com.netflix.discovery.DiscoveryClient    : Unregistering ...
2020-04-03 13:23:59.789  WARN 79040 --- [DiscoveryClient-0] c.netflix.discovery.TimedSupervisorTask  : task supervisor shutting down, can't accept the task
2020-04-03 13:23:59.793  INFO 79040 --- [Thread-11] com.netflix.discovery.DiscoveryClient    : DiscoveryClient_ALBUMS-SERVICE/albums-service:cd0ef6418f11bf09a8de8cf6d982bd24 - deregister  status: 200
2020-04-03 13:23:59.809  INFO 79040 --- [Thread-11] com.netflix.discovery.DiscoveryClient    : Completed shut down of DiscoveryClient
