2020-04-03 12:53:57.183  INFO [users-service,,,] 5531 --- [restartedMain] c.c.c.ConfigServicePropertySourceLocator : Fetching config from server at : http://localhost:8012
2020-04-03 12:53:57.912  INFO [users-service,,,] 5531 --- [restartedMain] c.c.c.ConfigServicePropertySourceLocator : Located environment: name=config-server, profiles=[default], label=null, version=b9133d33be97539980fd5d4d4c4a2e530ab0ad2d, state=null
2020-04-03 12:53:57.913  INFO [users-service,,,] 5531 --- [restartedMain] b.c.PropertySourceBootstrapConfiguration : Located property source: [BootstrapPropertySource {name='bootstrapProperties-configClient'}, BootstrapPropertySource {name='bootstrapProperties-https://github.com/sardul3/PhotoAppConfiguration/application.properties'}]
2020-04-03 12:53:57.944  INFO [users-service,,,] 5531 --- [restartedMain] c.e.p.PhotosAppUsersServiceApplication   : No active profile set, falling back to default profiles: default
2020-04-03 12:53:58.776  WARN [users-service,,,] 5531 --- [restartedMain] o.s.boot.actuate.endpoint.EndpointId     : Endpoint ID 'bus-env' contains invalid characters, please migrate to a valid format.
2020-04-03 12:53:59.018  INFO [users-service,,,] 5531 --- [restartedMain] .s.d.r.c.RepositoryConfigurationDelegate : Bootstrapping Spring Data JPA repositories in DEFAULT mode.
2020-04-03 12:53:59.081  INFO [users-service,,,] 5531 --- [restartedMain] .s.d.r.c.RepositoryConfigurationDelegate : Finished Spring Data repository scanning in 55ms. Found 1 JPA repository interfaces.
2020-04-03 12:53:59.149  WARN [users-service,,,] 5531 --- [restartedMain] o.s.boot.actuate.endpoint.EndpointId     : Endpoint ID 'bus-refresh' contains invalid characters, please migrate to a valid format.
2020-04-03 12:53:59.205  WARN [users-service,,,] 5531 --- [restartedMain] o.s.boot.actuate.endpoint.EndpointId     : Endpoint ID 'service-registry' contains invalid characters, please migrate to a valid format.
2020-04-03 12:53:59.294  WARN [users-service,,,] 5531 --- [restartedMain] o.s.boot.actuate.endpoint.EndpointId     : Endpoint ID 'hystrix.stream' contains invalid characters, please migrate to a valid format.
2020-04-03 12:53:59.519  INFO [users-service,,,] 5531 --- [restartedMain] o.s.cloud.context.scope.GenericScope     : BeanFactory id=6d81283f-6f74-34d4-950e-5e2ba0925a39
2020-04-03 12:53:59.609  INFO [users-service,,,] 5531 --- [restartedMain] faultConfiguringBeanFactoryPostProcessor : No bean named 'errorChannel' has been explicitly defined. Therefore, a default PublishSubscribeChannel will be created.
2020-04-03 12:53:59.614  INFO [users-service,,,] 5531 --- [restartedMain] faultConfiguringBeanFactoryPostProcessor : No bean named 'taskScheduler' has been explicitly defined. Therefore, a default ThreadPoolTaskScheduler will be created.
2020-04-03 12:53:59.618  INFO [users-service,,,] 5531 --- [restartedMain] faultConfiguringBeanFactoryPostProcessor : No bean named 'integrationHeaderChannelRegistry' has been explicitly defined. Therefore, a default DefaultHeaderChannelRegistry will be created.
2020-04-03 12:53:59.847  INFO [users-service,,,] 5531 --- [restartedMain] trationDelegate$BeanPostProcessorChecker : Bean 'integrationChannelResolver' of type [org.springframework.integration.support.channel.BeanFactoryChannelResolver] is not eligible for getting processed by all BeanPostProcessors (for example: not eligible for auto-proxying)
2020-04-03 12:53:59.852  INFO [users-service,,,] 5531 --- [restartedMain] trationDelegate$BeanPostProcessorChecker : Bean 'integrationDisposableAutoCreatedBeans' of type [org.springframework.integration.config.annotation.Disposables] is not eligible for getting processed by all BeanPostProcessors (for example: not eligible for auto-proxying)
2020-04-03 12:53:59.884  INFO [users-service,,,] 5531 --- [restartedMain] trationDelegate$BeanPostProcessorChecker : Bean 'org.springframework.integration.config.IntegrationManagementConfiguration' of type [org.springframework.integration.config.IntegrationManagementConfiguration] is not eligible for getting processed by all BeanPostProcessors (for example: not eligible for auto-proxying)
2020-04-03 12:53:59.893  INFO [users-service,,,] 5531 --- [restartedMain] trationDelegate$BeanPostProcessorChecker : Bean 'org.springframework.boot.autoconfigure.integration.IntegrationAutoConfiguration$IntegrationJmxConfiguration' of type [org.springframework.boot.autoconfigure.integration.IntegrationAutoConfiguration$IntegrationJmxConfiguration] is not eligible for getting processed by all BeanPostProcessors (for example: not eligible for auto-proxying)
2020-04-03 12:53:59.904  INFO [users-service,,,] 5531 --- [restartedMain] trationDelegate$BeanPostProcessorChecker : Bean 'org.springframework.boot.autoconfigure.jmx.JmxAutoConfiguration' of type [org.springframework.boot.autoconfigure.jmx.JmxAutoConfiguration] is not eligible for getting processed by all BeanPostProcessors (for example: not eligible for auto-proxying)
2020-04-03 12:53:59.909  INFO [users-service,,,] 5531 --- [restartedMain] trationDelegate$BeanPostProcessorChecker : Bean 'mbeanServer' of type [com.sun.jmx.mbeanserver.JmxMBeanServer] is not eligible for getting processed by all BeanPostProcessors (for example: not eligible for auto-proxying)
2020-04-03 12:54:00.443  INFO [users-service,,,] 5531 --- [restartedMain] o.s.b.w.embedded.tomcat.TomcatWebServer  : Tomcat initialized with port(s): 0 (http)
2020-04-03 12:54:00.450  INFO [users-service,,,] 5531 --- [restartedMain] o.apache.catalina.core.StandardService   : Starting service [Tomcat]
2020-04-03 12:54:00.451  INFO [users-service,,,] 5531 --- [restartedMain] org.apache.catalina.core.StandardEngine  : Starting Servlet engine: [Apache Tomcat/9.0.33]
2020-04-03 12:54:00.538  INFO [users-service,,,] 5531 --- [restartedMain] o.a.c.c.C.[Tomcat].[localhost].[/]       : Initializing Spring embedded WebApplicationContext
2020-04-03 12:54:00.539  INFO [users-service,,,] 5531 --- [restartedMain] o.s.web.context.ContextLoader            : Root WebApplicationContext: initialization completed in 2580 ms
2020-04-03 12:54:00.663  WARN [users-service,,,] 5531 --- [restartedMain] c.n.c.sources.URLConfigurationSource     : No URLs will be polled as dynamic configuration sources.
2020-04-03 12:54:00.663  INFO [users-service,,,] 5531 --- [restartedMain] c.n.c.sources.URLConfigurationSource     : To enable URLs as dynamic configuration sources, define System property archaius.configurationSource.additionalUrls or make config.properties available on classpath.
2020-04-03 12:54:00.671  INFO [users-service,,,] 5531 --- [restartedMain] c.netflix.config.DynamicPropertyFactory  : DynamicPropertyFactory is initialized with configuration sources: com.netflix.config.ConcurrentCompositeConfiguration@3c9d6883
2020-04-03 12:54:00.749  INFO [users-service,,,] 5531 --- [restartedMain] com.zaxxer.hikari.HikariDataSource       : HikariPool-1 - Starting...
2020-04-03 12:54:00.856  INFO [users-service,,,] 5531 --- [restartedMain] com.zaxxer.hikari.HikariDataSource       : HikariPool-1 - Start completed.
2020-04-03 12:54:00.860  INFO [users-service,,,] 5531 --- [restartedMain] o.s.b.a.h2.H2ConsoleAutoConfiguration    : H2 console available at '/h2-console'. Database available at 'jdbc:h2:mem:testdb'
2020-04-03 12:54:01.793  INFO [users-service,,,] 5531 --- [restartedMain] o.s.s.c.ThreadPoolTaskScheduler          : Initializing ExecutorService 'taskScheduler'
2020-04-03 12:54:02.269  INFO [users-service,,,] 5531 --- [restartedMain] o.hibernate.jpa.internal.util.LogHelper  : HHH000204: Processing PersistenceUnitInfo [name: default]
2020-04-03 12:54:02.336  INFO [users-service,,,] 5531 --- [restartedMain] org.hibernate.Version                    : HHH000412: Hibernate ORM core version 5.4.12.Final
2020-04-03 12:54:02.449  INFO [users-service,,,] 5531 --- [restartedMain] o.hibernate.annotations.common.Version   : HCANN000001: Hibernate Commons Annotations {5.1.0.Final}
2020-04-03 12:54:02.535  INFO [users-service,,,] 5531 --- [restartedMain] org.hibernate.dialect.Dialect            : HHH000400: Using dialect: org.hibernate.dialect.H2Dialect
2020-04-03 12:54:03.051  INFO [users-service,,,] 5531 --- [restartedMain] o.h.e.t.j.p.i.JtaPlatformInitiator       : HHH000490: Using JtaPlatform implementation: [org.hibernate.engine.transaction.jta.platform.internal.NoJtaPlatform]
2020-04-03 12:54:03.056  INFO [users-service,,,] 5531 --- [restartedMain] j.LocalContainerEntityManagerFactoryBean : Initialized JPA EntityManagerFactory for persistence unit 'default'
2020-04-03 12:54:03.098  INFO [users-service,,,] 5531 --- [restartedMain] o.s.b.d.a.OptionalLiveReloadServer       : LiveReload server is running on port 35729
2020-04-03 12:54:03.470  WARN [users-service,,,] 5531 --- [restartedMain] JpaBaseConfiguration$JpaWebConfiguration : spring.jpa.open-in-view is enabled by default. Therefore, database queries may be performed during view rendering. Explicitly configure spring.jpa.open-in-view to disable this warning
2020-04-03 12:54:03.813  INFO [users-service,,,] 5531 --- [restartedMain] o.s.s.web.DefaultSecurityFilterChain     : Creating filter chain: any request, [org.springframework.security.web.context.request.async.WebAsyncManagerIntegrationFilter@3fcc4499, org.springframework.security.web.context.SecurityContextPersistenceFilter@48e8f65d, org.springframework.security.web.header.HeaderWriterFilter@4a38c664, org.springframework.security.web.authentication.logout.LogoutFilter@3eb640f7, com.example.photosappusersservice.security.AuthenticationFilter@718774e2, org.springframework.security.web.savedrequest.RequestCacheAwareFilter@70606230, org.springframework.security.web.servletapi.SecurityContextHolderAwareRequestFilter@29f12ce9, org.springframework.security.web.authentication.AnonymousAuthenticationFilter@6d4ee312, org.springframework.security.web.session.SessionManagementFilter@3cc0f9d2, org.springframework.security.web.access.ExceptionTranslationFilter@779193b3, org.springframework.security.web.access.intercept.FilterSecurityInterceptor@1384302]
2020-04-03 12:54:03.845  WARN [users-service,,,] 5531 --- [restartedMain] c.n.c.sources.URLConfigurationSource     : No URLs will be polled as dynamic configuration sources.
2020-04-03 12:54:03.845  INFO [users-service,,,] 5531 --- [restartedMain] c.n.c.sources.URLConfigurationSource     : To enable URLs as dynamic configuration sources, define System property archaius.configurationSource.additionalUrls or make config.properties available on classpath.
2020-04-03 12:54:03.996  INFO [users-service,,,] 5531 --- [restartedMain] o.s.s.concurrent.ThreadPoolTaskExecutor  : Initializing ExecutorService 'applicationTaskExecutor'
2020-04-03 12:54:04.395  INFO [users-service,,,] 5531 --- [restartedMain] onConfiguration$FunctionBindingRegistrar : Functional binding is disabled due to the presense of @EnableBinding annotation in your configuration
2020-04-03 12:54:04.730  WARN [users-service,,,] 5531 --- [restartedMain] ockingLoadBalancerClientRibbonWarnLogger : You already have RibbonLoadBalancerClient on your classpath. It will be used by default. As Spring Cloud Ribbon is in maintenance mode. We recommend switching to BlockingLoadBalancerClient instead. In order to use it, set the value of `spring.cloud.loadbalancer.ribbon.enabled` to `false` or remove spring-cloud-starter-netflix-ribbon from your project.
2020-04-03 12:54:04.921  INFO [users-service,,,] 5531 --- [restartedMain] o.s.b.a.e.web.EndpointLinksResolver      : Exposing 3 endpoint(s) beneath base path '/actuator'
2020-04-03 12:54:05.075  INFO [users-service,,,] 5531 --- [restartedMain] o.s.c.s.m.DirectWithAttributesChannel    : Channel 'application-1.springCloudBusInput' has 1 subscriber(s).
2020-04-03 12:54:05.170  INFO [users-service,,,] 5531 --- [restartedMain] o.s.i.monitor.IntegrationMBeanExporter   : Registering MessageChannel springCloudBusOutput
2020-04-03 12:54:05.224  INFO [users-service,,,] 5531 --- [restartedMain] o.s.i.monitor.IntegrationMBeanExporter   : Registering MessageChannel errorChannel
2020-04-03 12:54:05.255  INFO [users-service,,,] 5531 --- [restartedMain] o.s.i.monitor.IntegrationMBeanExporter   : Registering MessageChannel nullChannel
2020-04-03 12:54:05.267  INFO [users-service,,,] 5531 --- [restartedMain] o.s.i.monitor.IntegrationMBeanExporter   : Registering MessageChannel springCloudBusInput
2020-04-03 12:54:05.282  INFO [users-service,,,] 5531 --- [restartedMain] o.s.i.monitor.IntegrationMBeanExporter   : Registering MessageHandler errorLogger
2020-04-03 12:54:05.299  INFO [users-service,,,] 5531 --- [restartedMain] o.s.i.monitor.IntegrationMBeanExporter   : Registering MessageHandler org.springframework.cloud.stream.binding.StreamListenerMessageHandler@a02f1bc
2020-04-03 12:54:05.366  INFO [users-service,,,] 5531 --- [restartedMain] o.s.i.endpoint.EventDrivenConsumer       : Adding {logging-channel-adapter:_org.springframework.integration.errorLogger} as a subscriber to the 'errorChannel' channel
2020-04-03 12:54:05.366  INFO [users-service,,,] 5531 --- [restartedMain] o.s.i.channel.PublishSubscribeChannel    : Channel 'application-1.errorChannel' has 1 subscriber(s).
2020-04-03 12:54:05.366  INFO [users-service,,,] 5531 --- [restartedMain] o.s.i.endpoint.EventDrivenConsumer       : started bean '_org.springframework.integration.errorLogger'
2020-04-03 12:54:05.405  INFO [users-service,,,] 5531 --- [restartedMain] c.c.c.ConfigServicePropertySourceLocator : Fetching config from server at : http://localhost:8012
2020-04-03 12:54:05.931  INFO [users-service,,,] 5531 --- [restartedMain] c.c.c.ConfigServicePropertySourceLocator : Located environment: name=config-server, profiles=[default], label=null, version=b9133d33be97539980fd5d4d4c4a2e530ab0ad2d, state=null
2020-04-03 12:54:05.931  INFO [users-service,,,] 5531 --- [restartedMain] b.c.PropertySourceBootstrapConfiguration : Located property source: [BootstrapPropertySource {name='bootstrapProperties-configClient'}, BootstrapPropertySource {name='bootstrapProperties-https://github.com/sardul3/PhotoAppConfiguration/application.properties'}]
2020-04-03 12:54:06.072  INFO [users-service,,,] 5531 --- [restartedMain] o.s.a.r.c.CachingConnectionFactory       : Attempting to connect to: [localhost:5672]
2020-04-03 12:54:06.162  INFO [users-service,,,] 5531 --- [restartedMain] o.s.a.r.c.CachingConnectionFactory       : Created new connection: rabbitConnectionFactory#6fda74bd:0/SimpleConnection@7ff94301 [delegate=amqp://guest@127.0.0.1:5672/, localPort= 64815]
2020-04-03 12:54:06.194  INFO [users-service,,,] 5531 --- [restartedMain] o.s.c.s.m.DirectWithAttributesChannel    : Channel 'application-1.springCloudBusOutput' has 1 subscriber(s).
2020-04-03 12:54:06.225  INFO [users-service,,,] 5531 --- [restartedMain] c.s.b.r.p.RabbitExchangeQueueProvisioner : declaring queue for inbound: springCloudBus.anonymous.G7D2SJb5SLyruR6bq7VgmQ, bound to: springCloudBus
2020-04-03 12:54:06.243  INFO [users-service,,,] 5531 --- [restartedMain] o.s.c.stream.binder.BinderErrorChannel   : Channel 'springCloudBus.anonymous.G7D2SJb5SLyruR6bq7VgmQ.errors' has 1 subscriber(s).
2020-04-03 12:54:06.243  INFO [users-service,,,] 5531 --- [restartedMain] o.s.c.stream.binder.BinderErrorChannel   : Channel 'springCloudBus.anonymous.G7D2SJb5SLyruR6bq7VgmQ.errors' has 2 subscriber(s).
2020-04-03 12:54:06.255  INFO [users-service,,,] 5531 --- [restartedMain] o.s.i.a.i.AmqpInboundChannelAdapter      : started bean 'inbound.springCloudBus.anonymous.G7D2SJb5SLyruR6bq7VgmQ'
2020-04-03 12:54:06.279  INFO [users-service,,,] 5531 --- [restartedMain] o.s.i.monitor.IntegrationMBeanExporter   : Registering MessageChannel springCloudBus.anonymous.G7D2SJb5SLyruR6bq7VgmQ.errors
2020-04-03 12:54:06.358  INFO [users-service,,,] 5531 --- [restartedMain] o.s.b.w.embedded.tomcat.TomcatWebServer  : Tomcat started on port(s): 64816 (http) with context path ''
2020-04-03 12:54:06.359  INFO [users-service,,,] 5531 --- [restartedMain] .s.c.n.e.s.EurekaAutoServiceRegistration : Updating port to 64816
2020-04-03 12:54:06.363  INFO [users-service,,,] 5531 --- [restartedMain] o.s.c.n.eureka.InstanceInfoFactory       : Setting initial instance status as: STARTING
2020-04-03 12:54:06.394  INFO [users-service,,,] 5531 --- [restartedMain] com.netflix.discovery.DiscoveryClient    : Initializing Eureka in region us-east-1
2020-04-03 12:54:06.442  INFO [users-service,,,] 5531 --- [restartedMain] c.n.d.provider.DiscoveryJerseyProvider   : Using JSON encoding codec LegacyJacksonJson
2020-04-03 12:54:06.442  INFO [users-service,,,] 5531 --- [restartedMain] c.n.d.provider.DiscoveryJerseyProvider   : Using JSON decoding codec LegacyJacksonJson
2020-04-03 12:54:06.529  INFO [users-service,,,] 5531 --- [restartedMain] c.n.d.provider.DiscoveryJerseyProvider   : Using XML encoding codec XStreamXml
2020-04-03 12:54:06.529  INFO [users-service,,,] 5531 --- [restartedMain] c.n.d.provider.DiscoveryJerseyProvider   : Using XML decoding codec XStreamXml
2020-04-03 12:54:06.658  INFO [users-service,,,] 5531 --- [restartedMain] c.n.d.s.r.aws.ConfigClusterResolver      : Resolving eureka endpoints via configuration
2020-04-03 12:54:06.673  INFO [users-service,,,] 5531 --- [restartedMain] com.netflix.discovery.DiscoveryClient    : Disable delta property : false
2020-04-03 12:54:06.673  INFO [users-service,,,] 5531 --- [restartedMain] com.netflix.discovery.DiscoveryClient    : Single vip registry refresh property : null
2020-04-03 12:54:06.673  INFO [users-service,,,] 5531 --- [restartedMain] com.netflix.discovery.DiscoveryClient    : Force full registry fetch : false
2020-04-03 12:54:06.673  INFO [users-service,,,] 5531 --- [restartedMain] com.netflix.discovery.DiscoveryClient    : Application is null : false
2020-04-03 12:54:06.673  INFO [users-service,,,] 5531 --- [restartedMain] com.netflix.discovery.DiscoveryClient    : Registered Applications size is zero : true
2020-04-03 12:54:06.673  INFO [users-service,,,] 5531 --- [restartedMain] com.netflix.discovery.DiscoveryClient    : Application version is -1: true
2020-04-03 12:54:06.673  INFO [users-service,,,] 5531 --- [restartedMain] com.netflix.discovery.DiscoveryClient    : Getting all instance registry info from the eureka server
2020-04-03 12:54:06.746  INFO [users-service,,,] 5531 --- [restartedMain] com.netflix.discovery.DiscoveryClient    : The response status is 200
2020-04-03 12:54:06.748  INFO [users-service,,,] 5531 --- [restartedMain] com.netflix.discovery.DiscoveryClient    : Starting heartbeat executor: renew interval is: 30
2020-04-03 12:54:06.749  INFO [users-service,,,] 5531 --- [restartedMain] c.n.discovery.InstanceInfoReplicator     : InstanceInfoReplicator onDemand update allowed rate per min is 4
2020-04-03 12:54:06.752  INFO [users-service,,,] 5531 --- [restartedMain] com.netflix.discovery.DiscoveryClient    : Discovery Client initialized at timestamp 1585936446751 with initial instances count: 3
2020-04-03 12:54:06.760  INFO [users-service,,,] 5531 --- [restartedMain] o.s.c.n.e.s.EurekaServiceRegistry        : Registering application USERS-SERVICE with eureka with status UP
2020-04-03 12:54:06.760  INFO [users-service,,,] 5531 --- [restartedMain] com.netflix.discovery.DiscoveryClient    : Saw local status change event StatusChangeEvent [timestamp=1585936446760, current=UP, previous=STARTING]
2020-04-03 12:54:06.761  INFO [users-service,,,] 5531 --- [DiscoveryClient-InstanceInfoReplicator-0] com.netflix.discovery.DiscoveryClient    : DiscoveryClient_USERS-SERVICE/192.168.0.139:users-service:0: registering service...
2020-04-03 12:54:06.768  INFO [users-service,,,] 5531 --- [restartedMain] c.e.p.PhotosAppUsersServiceApplication   : Started PhotosAppUsersServiceApplication in 10.23 seconds (JVM running for 10.955)
2020-04-03 12:54:06.783  INFO [users-service,,,] 5531 --- [DiscoveryClient-InstanceInfoReplicator-0] com.netflix.discovery.DiscoveryClient    : DiscoveryClient_USERS-SERVICE/192.168.0.139:users-service:0 - registration status: 204
2020-04-03 12:54:07.137  INFO [users-service,,,] 5531 --- [RMI TCP Connection(2)-127.0.0.1] o.a.c.c.C.[Tomcat].[localhost].[/]       : Initializing Spring DispatcherServlet 'dispatcherServlet'
2020-04-03 12:54:07.137  INFO [users-service,,,] 5531 --- [RMI TCP Connection(2)-127.0.0.1] o.s.web.servlet.DispatcherServlet        : Initializing Servlet 'dispatcherServlet'
2020-04-03 12:54:07.153  INFO [users-service,,,] 5531 --- [RMI TCP Connection(2)-127.0.0.1] o.s.web.servlet.DispatcherServlet        : Completed initialization in 16 ms
2020-04-03 12:54:07.154  INFO [users-service,,,] 5531 --- [RMI TCP Connection(3)-127.0.0.1] c.c.c.ConfigServicePropertySourceLocator : Fetching config from server at : http://localhost:8012
2020-04-03 12:54:07.709  INFO [users-service,,,] 5531 --- [RMI TCP Connection(3)-127.0.0.1] c.c.c.ConfigServicePropertySourceLocator : Located environment: name=config-server, profiles=[default], label=null, version=b9133d33be97539980fd5d4d4c4a2e530ab0ad2d, state=null
2020-04-03 12:59:06.679  INFO [users-service,,,] 5531 --- [AsyncResolver-bootstrap-executor-0] c.n.d.s.r.aws.ConfigClusterResolver      : Resolving eureka endpoints via configuration
2020-04-03 13:04:06.668  INFO [users-service,,,] 5531 --- [AsyncResolver-bootstrap-executor-0] c.n.d.s.r.aws.ConfigClusterResolver      : Resolving eureka endpoints via configuration
2020-04-03 13:09:06.678  INFO [users-service,,,] 5531 --- [AsyncResolver-bootstrap-executor-0] c.n.d.s.r.aws.ConfigClusterResolver      : Resolving eureka endpoints via configuration
2020-04-03 13:14:06.688  INFO [users-service,,,] 5531 --- [AsyncResolver-bootstrap-executor-0] c.n.d.s.r.aws.ConfigClusterResolver      : Resolving eureka endpoints via configuration
2020-04-03 13:17:31.459  INFO [users-service,e0f5cd1a39cfd040,e0f5cd1a39cfd040,true] 5531 --- [http-nio-auto-1-exec-1] c.e.p.ui.controllers.UsersController     : User creation requested
2020-04-03 13:19:06.704  INFO [users-service,,,] 5531 --- [AsyncResolver-bootstrap-executor-0] c.n.d.s.r.aws.ConfigClusterResolver      : Resolving eureka endpoints via configuration
2020-04-03 13:19:43.942  INFO [users-service,,,] 5531 --- [SpringContextShutdownHook] o.s.c.n.e.s.EurekaServiceRegistry        : Unregistering application USERS-SERVICE with eureka with status DOWN
2020-04-03 13:19:43.942  WARN [users-service,,,] 5531 --- [SpringContextShutdownHook] com.netflix.discovery.DiscoveryClient    : Saw local status change event StatusChangeEvent [timestamp=1585937983942, current=DOWN, previous=UP]
2020-04-03 13:19:43.943  INFO [users-service,,,] 5531 --- [DiscoveryClient-InstanceInfoReplicator-0] com.netflix.discovery.DiscoveryClient    : DiscoveryClient_USERS-SERVICE/192.168.0.139:users-service:0: registering service...
2020-04-03 13:19:43.946  INFO [users-service,,,] 5531 --- [DiscoveryClient-InstanceInfoReplicator-0] com.netflix.discovery.DiscoveryClient    : DiscoveryClient_USERS-SERVICE/192.168.0.139:users-service:0 - registration status: 204
2020-04-03 13:19:43.967  INFO [users-service,,,] 5531 --- [SpringContextShutdownHook] o.s.a.r.l.SimpleMessageListenerContainer : Waiting for workers to finish.
2020-04-03 13:19:44.152  INFO [users-service,,,] 5531 --- [SpringContextShutdownHook] o.s.a.r.l.SimpleMessageListenerContainer : Successfully waited for workers to finish.
2020-04-03 13:19:44.152  INFO [users-service,,,] 5531 --- [SpringContextShutdownHook] o.s.i.a.i.AmqpInboundChannelAdapter      : stopped bean 'inbound.springCloudBus.anonymous.G7D2SJb5SLyruR6bq7VgmQ'
2020-04-03 13:19:44.157  INFO [users-service,,,] 5531 --- [SpringContextShutdownHook] o.s.c.stream.binder.BinderErrorChannel   : Channel 'application-1.springCloudBus.anonymous.G7D2SJb5SLyruR6bq7VgmQ.errors' has 1 subscriber(s).
2020-04-03 13:19:44.158  INFO [users-service,,,] 5531 --- [SpringContextShutdownHook] o.s.c.stream.binder.BinderErrorChannel   : Channel 'application-1.springCloudBus.anonymous.G7D2SJb5SLyruR6bq7VgmQ.errors' has 0 subscriber(s).
2020-04-03 13:19:44.163  INFO [users-service,,,] 5531 --- [SpringContextShutdownHook] o.s.i.endpoint.EventDrivenConsumer       : Removing {logging-channel-adapter:_org.springframework.integration.errorLogger} as a subscriber to the 'errorChannel' channel
2020-04-03 13:19:44.163  INFO [users-service,,,] 5531 --- [SpringContextShutdownHook] o.s.i.channel.PublishSubscribeChannel    : Channel 'application-1.errorChannel' has 0 subscriber(s).
2020-04-03 13:19:44.163  INFO [users-service,,,] 5531 --- [SpringContextShutdownHook] o.s.i.endpoint.EventDrivenConsumer       : stopped bean '_org.springframework.integration.errorLogger'
2020-04-03 13:19:44.166  INFO [users-service,,,] 5531 --- [SpringContextShutdownHook] o.s.s.concurrent.ThreadPoolTaskExecutor  : Shutting down ExecutorService 'applicationTaskExecutor'
2020-04-03 13:19:44.180  INFO [users-service,,,] 5531 --- [SpringContextShutdownHook] j.LocalContainerEntityManagerFactoryBean : Closing JPA EntityManagerFactory for persistence unit 'default'
2020-04-03 13:19:44.391  WARN [users-service,,,] 5531 --- [SpringContextShutdownHook] o.s.b.f.support.DisposableBeanAdapter    : Invocation of destroy method failed on bean with name 'inMemoryDatabaseShutdownExecutor': org.h2.jdbc.JdbcSQLNonTransientConnectionException: Database is already closed (to disable automatic closing at VM shutdown, add ";DB_CLOSE_ON_EXIT=FALSE" to the db URL) [90121-200]
2020-04-03 13:19:44.392  INFO [users-service,,,] 5531 --- [SpringContextShutdownHook] o.s.s.c.ThreadPoolTaskScheduler          : Shutting down ExecutorService 'taskScheduler'
2020-04-03 13:19:45.372  INFO [users-service,,,] 5531 --- [SpringContextShutdownHook] com.zaxxer.hikari.HikariDataSource       : HikariPool-1 - Shutdown initiated...
2020-04-03 13:19:45.376  INFO [users-service,,,] 5531 --- [SpringContextShutdownHook] com.zaxxer.hikari.HikariDataSource       : HikariPool-1 - Shutdown completed.
2020-04-03 13:19:45.377  INFO [users-service,,,] 5531 --- [SpringContextShutdownHook] o.s.i.monitor.IntegrationMBeanExporter   : Summary on shutdown: bean 'springCloudBusOutput'
2020-04-03 13:19:45.377  INFO [users-service,,,] 5531 --- [SpringContextShutdownHook] o.s.i.monitor.IntegrationMBeanExporter   : Summary on shutdown: bean 'errorChannel'
2020-04-03 13:19:45.377  INFO [users-service,,,] 5531 --- [SpringContextShutdownHook] o.s.i.monitor.IntegrationMBeanExporter   : Summary on shutdown: nullChannel
2020-04-03 13:19:45.377  INFO [users-service,,,] 5531 --- [SpringContextShutdownHook] o.s.i.monitor.IntegrationMBeanExporter   : Summary on shutdown: bean 'springCloudBusInput'
2020-04-03 13:19:45.377  INFO [users-service,,,] 5531 --- [SpringContextShutdownHook] o.s.i.monitor.IntegrationMBeanExporter   : Summary on shutdown: bean '_org.springframework.integration.errorLogger.handler' for component '_org.springframework.integration.errorLogger'
2020-04-03 13:19:45.377  INFO [users-service,,,] 5531 --- [SpringContextShutdownHook] o.s.i.monitor.IntegrationMBeanExporter   : Summary on shutdown: org.springframework.cloud.stream.binding.StreamListenerMessageHandler@a02f1bc
2020-04-03 13:19:45.378  INFO [users-service,,,] 5531 --- [SpringContextShutdownHook] com.netflix.discovery.DiscoveryClient    : Shutting down DiscoveryClient ...
2020-04-03 13:19:48.384  INFO [users-service,,,] 5531 --- [SpringContextShutdownHook] com.netflix.discovery.DiscoveryClient    : Unregistering ...
2020-04-03 13:19:48.388  INFO [users-service,,,] 5531 --- [SpringContextShutdownHook] com.netflix.discovery.DiscoveryClient    : DiscoveryClient_USERS-SERVICE/192.168.0.139:users-service:0 - deregister  status: 200
2020-04-03 13:19:48.400  INFO [users-service,,,] 5531 --- [SpringContextShutdownHook] com.netflix.discovery.DiscoveryClient    : Completed shut down of DiscoveryClient
2020-04-03 13:19:51.626  INFO [users-service,,,] 10445 --- [restartedMain] c.c.c.ConfigServicePropertySourceLocator : Fetching config from server at : http://localhost:8012
2020-04-03 13:19:52.389  INFO [users-service,,,] 10445 --- [restartedMain] c.c.c.ConfigServicePropertySourceLocator : Located environment: name=config-server, profiles=[default], label=null, version=b9133d33be97539980fd5d4d4c4a2e530ab0ad2d, state=null
2020-04-03 13:19:52.390  INFO [users-service,,,] 10445 --- [restartedMain] b.c.PropertySourceBootstrapConfiguration : Located property source: [BootstrapPropertySource {name='bootstrapProperties-configClient'}, BootstrapPropertySource {name='bootstrapProperties-https://github.com/sardul3/PhotoAppConfiguration/application.properties'}]
2020-04-03 13:19:52.421  INFO [users-service,,,] 10445 --- [restartedMain] c.e.p.PhotosAppUsersServiceApplication   : No active profile set, falling back to default profiles: default
2020-04-03 13:19:53.214  WARN [users-service,,,] 10445 --- [restartedMain] o.s.boot.actuate.endpoint.EndpointId     : Endpoint ID 'bus-env' contains invalid characters, please migrate to a valid format.
2020-04-03 13:19:53.383  INFO [users-service,,,] 10445 --- [restartedMain] .s.d.r.c.RepositoryConfigurationDelegate : Bootstrapping Spring Data JPA repositories in DEFAULT mode.
2020-04-03 13:19:53.436  INFO [users-service,,,] 10445 --- [restartedMain] .s.d.r.c.RepositoryConfigurationDelegate : Finished Spring Data repository scanning in 47ms. Found 1 JPA repository interfaces.
2020-04-03 13:19:53.597  WARN [users-service,,,] 10445 --- [restartedMain] o.s.boot.actuate.endpoint.EndpointId     : Endpoint ID 'bus-refresh' contains invalid characters, please migrate to a valid format.
2020-04-03 13:19:53.752  WARN [users-service,,,] 10445 --- [restartedMain] o.s.boot.actuate.endpoint.EndpointId     : Endpoint ID 'service-registry' contains invalid characters, please migrate to a valid format.
2020-04-03 13:19:53.859  WARN [users-service,,,] 10445 --- [restartedMain] o.s.boot.actuate.endpoint.EndpointId     : Endpoint ID 'hystrix.stream' contains invalid characters, please migrate to a valid format.
2020-04-03 13:19:54.156  INFO [users-service,,,] 10445 --- [restartedMain] o.s.cloud.context.scope.GenericScope     : BeanFactory id=6d81283f-6f74-34d4-950e-5e2ba0925a39
2020-04-03 13:19:54.257  INFO [users-service,,,] 10445 --- [restartedMain] faultConfiguringBeanFactoryPostProcessor : No bean named 'errorChannel' has been explicitly defined. Therefore, a default PublishSubscribeChannel will be created.
2020-04-03 13:19:54.261  INFO [users-service,,,] 10445 --- [restartedMain] faultConfiguringBeanFactoryPostProcessor : No bean named 'taskScheduler' has been explicitly defined. Therefore, a default ThreadPoolTaskScheduler will be created.
2020-04-03 13:19:54.265  INFO [users-service,,,] 10445 --- [restartedMain] faultConfiguringBeanFactoryPostProcessor : No bean named 'integrationHeaderChannelRegistry' has been explicitly defined. Therefore, a default DefaultHeaderChannelRegistry will be created.
2020-04-03 13:19:54.512  INFO [users-service,,,] 10445 --- [restartedMain] trationDelegate$BeanPostProcessorChecker : Bean 'integrationChannelResolver' of type [org.springframework.integration.support.channel.BeanFactoryChannelResolver] is not eligible for getting processed by all BeanPostProcessors (for example: not eligible for auto-proxying)
2020-04-03 13:19:54.518  INFO [users-service,,,] 10445 --- [restartedMain] trationDelegate$BeanPostProcessorChecker : Bean 'integrationDisposableAutoCreatedBeans' of type [org.springframework.integration.config.annotation.Disposables] is not eligible for getting processed by all BeanPostProcessors (for example: not eligible for auto-proxying)
2020-04-03 13:19:54.555  INFO [users-service,,,] 10445 --- [restartedMain] trationDelegate$BeanPostProcessorChecker : Bean 'org.springframework.integration.config.IntegrationManagementConfiguration' of type [org.springframework.integration.config.IntegrationManagementConfiguration] is not eligible for getting processed by all BeanPostProcessors (for example: not eligible for auto-proxying)
2020-04-03 13:19:54.565  INFO [users-service,,,] 10445 --- [restartedMain] trationDelegate$BeanPostProcessorChecker : Bean 'org.springframework.boot.autoconfigure.integration.IntegrationAutoConfiguration$IntegrationJmxConfiguration' of type [org.springframework.boot.autoconfigure.integration.IntegrationAutoConfiguration$IntegrationJmxConfiguration] is not eligible for getting processed by all BeanPostProcessors (for example: not eligible for auto-proxying)
2020-04-03 13:19:54.574  INFO [users-service,,,] 10445 --- [restartedMain] trationDelegate$BeanPostProcessorChecker : Bean 'org.springframework.boot.autoconfigure.jmx.JmxAutoConfiguration' of type [org.springframework.boot.autoconfigure.jmx.JmxAutoConfiguration] is not eligible for getting processed by all BeanPostProcessors (for example: not eligible for auto-proxying)
2020-04-03 13:19:54.578  INFO [users-service,,,] 10445 --- [restartedMain] trationDelegate$BeanPostProcessorChecker : Bean 'mbeanServer' of type [com.sun.jmx.mbeanserver.JmxMBeanServer] is not eligible for getting processed by all BeanPostProcessors (for example: not eligible for auto-proxying)
2020-04-03 13:19:55.160  INFO [users-service,,,] 10445 --- [restartedMain] o.s.b.w.embedded.tomcat.TomcatWebServer  : Tomcat initialized with port(s): 0 (http)
2020-04-03 13:19:55.168  INFO [users-service,,,] 10445 --- [restartedMain] o.apache.catalina.core.StandardService   : Starting service [Tomcat]
2020-04-03 13:19:55.169  INFO [users-service,,,] 10445 --- [restartedMain] org.apache.catalina.core.StandardEngine  : Starting Servlet engine: [Apache Tomcat/9.0.33]
2020-04-03 13:19:55.260  INFO [users-service,,,] 10445 --- [restartedMain] o.a.c.c.C.[Tomcat].[localhost].[/]       : Initializing Spring embedded WebApplicationContext
2020-04-03 13:19:55.261  INFO [users-service,,,] 10445 --- [restartedMain] o.s.web.context.ContextLoader            : Root WebApplicationContext: initialization completed in 2826 ms
2020-04-03 13:19:55.401  WARN [users-service,,,] 10445 --- [restartedMain] c.n.c.sources.URLConfigurationSource     : No URLs will be polled as dynamic configuration sources.
2020-04-03 13:19:55.401  INFO [users-service,,,] 10445 --- [restartedMain] c.n.c.sources.URLConfigurationSource     : To enable URLs as dynamic configuration sources, define System property archaius.configurationSource.additionalUrls or make config.properties available on classpath.
2020-04-03 13:19:55.409  INFO [users-service,,,] 10445 --- [restartedMain] c.netflix.config.DynamicPropertyFactory  : DynamicPropertyFactory is initialized with configuration sources: com.netflix.config.ConcurrentCompositeConfiguration@3142d553
2020-04-03 13:19:55.488  INFO [users-service,,,] 10445 --- [restartedMain] com.zaxxer.hikari.HikariDataSource       : HikariPool-1 - Starting...
2020-04-03 13:19:55.591  INFO [users-service,,,] 10445 --- [restartedMain] com.zaxxer.hikari.HikariDataSource       : HikariPool-1 - Start completed.
2020-04-03 13:19:55.595  INFO [users-service,,,] 10445 --- [restartedMain] o.s.b.a.h2.H2ConsoleAutoConfiguration    : H2 console available at '/h2-console'. Database available at 'jdbc:h2:mem:testdb'
2020-04-03 13:19:56.570  INFO [users-service,,,] 10445 --- [restartedMain] o.s.s.c.ThreadPoolTaskScheduler          : Initializing ExecutorService 'taskScheduler'
2020-04-03 13:19:57.084  INFO [users-service,,,] 10445 --- [restartedMain] o.hibernate.jpa.internal.util.LogHelper  : HHH000204: Processing PersistenceUnitInfo [name: default]
2020-04-03 13:19:57.151  INFO [users-service,,,] 10445 --- [restartedMain] org.hibernate.Version                    : HHH000412: Hibernate ORM core version 5.4.12.Final
2020-04-03 13:19:57.250  INFO [users-service,,,] 10445 --- [restartedMain] o.hibernate.annotations.common.Version   : HCANN000001: Hibernate Commons Annotations {5.1.0.Final}
2020-04-03 13:19:57.324  INFO [users-service,,,] 10445 --- [restartedMain] org.hibernate.dialect.Dialect            : HHH000400: Using dialect: org.hibernate.dialect.H2Dialect
2020-04-03 13:19:57.815  INFO [users-service,,,] 10445 --- [restartedMain] o.h.e.t.j.p.i.JtaPlatformInitiator       : HHH000490: Using JtaPlatform implementation: [org.hibernate.engine.transaction.jta.platform.internal.NoJtaPlatform]
2020-04-03 13:19:57.820  INFO [users-service,,,] 10445 --- [restartedMain] j.LocalContainerEntityManagerFactoryBean : Initialized JPA EntityManagerFactory for persistence unit 'default'
2020-04-03 13:19:57.862  INFO [users-service,,,] 10445 --- [restartedMain] o.s.b.d.a.OptionalLiveReloadServer       : LiveReload server is running on port 35729
2020-04-03 13:19:58.245  WARN [users-service,,,] 10445 --- [restartedMain] JpaBaseConfiguration$JpaWebConfiguration : spring.jpa.open-in-view is enabled by default. Therefore, database queries may be performed during view rendering. Explicitly configure spring.jpa.open-in-view to disable this warning
2020-04-03 13:19:58.584  INFO [users-service,,,] 10445 --- [restartedMain] o.s.s.web.DefaultSecurityFilterChain     : Creating filter chain: any request, [org.springframework.security.web.context.request.async.WebAsyncManagerIntegrationFilter@1dff8f8d, org.springframework.security.web.context.SecurityContextPersistenceFilter@74d81aad, org.springframework.security.web.header.HeaderWriterFilter@6ed96a90, org.springframework.security.web.authentication.logout.LogoutFilter@43413af2, com.example.photosappusersservice.security.AuthenticationFilter@16f23601, org.springframework.security.web.savedrequest.RequestCacheAwareFilter@7f28f735, org.springframework.security.web.servletapi.SecurityContextHolderAwareRequestFilter@7b488205, org.springframework.security.web.authentication.AnonymousAuthenticationFilter@6b5c38f8, org.springframework.security.web.session.SessionManagementFilter@55fce1ba, org.springframework.security.web.access.ExceptionTranslationFilter@509fe544, org.springframework.security.web.access.intercept.FilterSecurityInterceptor@5450bbb8]
2020-04-03 13:19:58.612  WARN [users-service,,,] 10445 --- [restartedMain] c.n.c.sources.URLConfigurationSource     : No URLs will be polled as dynamic configuration sources.
2020-04-03 13:19:58.612  INFO [users-service,,,] 10445 --- [restartedMain] c.n.c.sources.URLConfigurationSource     : To enable URLs as dynamic configuration sources, define System property archaius.configurationSource.additionalUrls or make config.properties available on classpath.
2020-04-03 13:19:58.758  INFO [users-service,,,] 10445 --- [restartedMain] o.s.s.concurrent.ThreadPoolTaskExecutor  : Initializing ExecutorService 'applicationTaskExecutor'
2020-04-03 13:19:59.175  INFO [users-service,,,] 10445 --- [restartedMain] onConfiguration$FunctionBindingRegistrar : Functional binding is disabled due to the presense of @EnableBinding annotation in your configuration
2020-04-03 13:19:59.554  WARN [users-service,,,] 10445 --- [restartedMain] ockingLoadBalancerClientRibbonWarnLogger : You already have RibbonLoadBalancerClient on your classpath. It will be used by default. As Spring Cloud Ribbon is in maintenance mode. We recommend switching to BlockingLoadBalancerClient instead. In order to use it, set the value of `spring.cloud.loadbalancer.ribbon.enabled` to `false` or remove spring-cloud-starter-netflix-ribbon from your project.
2020-04-03 13:19:59.766  INFO [users-service,,,] 10445 --- [restartedMain] o.s.b.a.e.web.EndpointLinksResolver      : Exposing 3 endpoint(s) beneath base path '/actuator'
2020-04-03 13:19:59.920  INFO [users-service,,,] 10445 --- [restartedMain] o.s.c.s.m.DirectWithAttributesChannel    : Channel 'application-1.springCloudBusInput' has 1 subscriber(s).
2020-04-03 13:20:00.010  INFO [users-service,,,] 10445 --- [restartedMain] o.s.i.monitor.IntegrationMBeanExporter   : Registering MessageChannel errorChannel
2020-04-03 13:20:00.072  INFO [users-service,,,] 10445 --- [restartedMain] o.s.i.monitor.IntegrationMBeanExporter   : Registering MessageChannel springCloudBusInput
2020-04-03 13:20:00.101  INFO [users-service,,,] 10445 --- [restartedMain] o.s.i.monitor.IntegrationMBeanExporter   : Registering MessageChannel springCloudBusOutput
2020-04-03 13:20:00.109  INFO [users-service,,,] 10445 --- [restartedMain] o.s.i.monitor.IntegrationMBeanExporter   : Registering MessageChannel nullChannel
2020-04-03 13:20:00.127  INFO [users-service,,,] 10445 --- [restartedMain] o.s.i.monitor.IntegrationMBeanExporter   : Registering MessageHandler org.springframework.cloud.stream.binding.StreamListenerMessageHandler@211ee72b
2020-04-03 13:20:00.175  INFO [users-service,,,] 10445 --- [restartedMain] o.s.i.monitor.IntegrationMBeanExporter   : Registering MessageHandler errorLogger
2020-04-03 13:20:00.201  INFO [users-service,,,] 10445 --- [restartedMain] o.s.i.endpoint.EventDrivenConsumer       : Adding {logging-channel-adapter:_org.springframework.integration.errorLogger} as a subscriber to the 'errorChannel' channel
2020-04-03 13:20:00.201  INFO [users-service,,,] 10445 --- [restartedMain] o.s.i.channel.PublishSubscribeChannel    : Channel 'application-1.errorChannel' has 1 subscriber(s).
2020-04-03 13:20:00.201  INFO [users-service,,,] 10445 --- [restartedMain] o.s.i.endpoint.EventDrivenConsumer       : started bean '_org.springframework.integration.errorLogger'
2020-04-03 13:20:00.236  INFO [users-service,,,] 10445 --- [restartedMain] c.c.c.ConfigServicePropertySourceLocator : Fetching config from server at : http://localhost:8012
2020-04-03 13:20:00.806  INFO [users-service,,,] 10445 --- [restartedMain] c.c.c.ConfigServicePropertySourceLocator : Located environment: name=config-server, profiles=[default], label=null, version=b9133d33be97539980fd5d4d4c4a2e530ab0ad2d, state=null
2020-04-03 13:20:00.806  INFO [users-service,,,] 10445 --- [restartedMain] b.c.PropertySourceBootstrapConfiguration : Located property source: [BootstrapPropertySource {name='bootstrapProperties-configClient'}, BootstrapPropertySource {name='bootstrapProperties-https://github.com/sardul3/PhotoAppConfiguration/application.properties'}]
2020-04-03 13:20:00.934  INFO [users-service,,,] 10445 --- [restartedMain] o.s.a.r.c.CachingConnectionFactory       : Attempting to connect to: [localhost:5672]
2020-04-03 13:20:01.034  INFO [users-service,,,] 10445 --- [restartedMain] o.s.a.r.c.CachingConnectionFactory       : Created new connection: rabbitConnectionFactory#1ef3d305:0/SimpleConnection@6cba2ab2 [delegate=amqp://guest@127.0.0.1:5672/, localPort= 49379]
2020-04-03 13:20:01.060  INFO [users-service,,,] 10445 --- [restartedMain] o.s.c.s.m.DirectWithAttributesChannel    : Channel 'application-1.springCloudBusOutput' has 1 subscriber(s).
2020-04-03 13:20:01.096  INFO [users-service,,,] 10445 --- [restartedMain] c.s.b.r.p.RabbitExchangeQueueProvisioner : declaring queue for inbound: springCloudBus.anonymous.mXdDC9ACTC2ns_AZ_foYZA, bound to: springCloudBus
2020-04-03 13:20:01.112  INFO [users-service,,,] 10445 --- [restartedMain] o.s.c.stream.binder.BinderErrorChannel   : Channel 'springCloudBus.anonymous.mXdDC9ACTC2ns_AZ_foYZA.errors' has 1 subscriber(s).
2020-04-03 13:20:01.112  INFO [users-service,,,] 10445 --- [restartedMain] o.s.c.stream.binder.BinderErrorChannel   : Channel 'springCloudBus.anonymous.mXdDC9ACTC2ns_AZ_foYZA.errors' has 2 subscriber(s).
2020-04-03 13:20:01.124  INFO [users-service,,,] 10445 --- [restartedMain] o.s.i.a.i.AmqpInboundChannelAdapter      : started bean 'inbound.springCloudBus.anonymous.mXdDC9ACTC2ns_AZ_foYZA'
2020-04-03 13:20:01.149  INFO [users-service,,,] 10445 --- [restartedMain] o.s.i.monitor.IntegrationMBeanExporter   : Registering MessageChannel springCloudBus.anonymous.mXdDC9ACTC2ns_AZ_foYZA.errors
2020-04-03 13:20:01.229  INFO [users-service,,,] 10445 --- [restartedMain] o.s.b.w.embedded.tomcat.TomcatWebServer  : Tomcat started on port(s): 49380 (http) with context path ''
2020-04-03 13:20:01.229  INFO [users-service,,,] 10445 --- [restartedMain] .s.c.n.e.s.EurekaAutoServiceRegistration : Updating port to 49380
2020-04-03 13:20:01.234  INFO [users-service,,,] 10445 --- [restartedMain] o.s.c.n.eureka.InstanceInfoFactory       : Setting initial instance status as: STARTING
2020-04-03 13:20:01.265  INFO [users-service,,,] 10445 --- [restartedMain] com.netflix.discovery.DiscoveryClient    : Initializing Eureka in region us-east-1
2020-04-03 13:20:01.313  INFO [users-service,,,] 10445 --- [restartedMain] c.n.d.provider.DiscoveryJerseyProvider   : Using JSON encoding codec LegacyJacksonJson
2020-04-03 13:20:01.313  INFO [users-service,,,] 10445 --- [restartedMain] c.n.d.provider.DiscoveryJerseyProvider   : Using JSON decoding codec LegacyJacksonJson
2020-04-03 13:20:01.392  INFO [users-service,,,] 10445 --- [restartedMain] c.n.d.provider.DiscoveryJerseyProvider   : Using XML encoding codec XStreamXml
2020-04-03 13:20:01.392  INFO [users-service,,,] 10445 --- [restartedMain] c.n.d.provider.DiscoveryJerseyProvider   : Using XML decoding codec XStreamXml
2020-04-03 13:20:01.516  INFO [users-service,,,] 10445 --- [restartedMain] c.n.d.s.r.aws.ConfigClusterResolver      : Resolving eureka endpoints via configuration
2020-04-03 13:20:01.530  INFO [users-service,,,] 10445 --- [restartedMain] com.netflix.discovery.DiscoveryClient    : Disable delta property : false
2020-04-03 13:20:01.531  INFO [users-service,,,] 10445 --- [restartedMain] com.netflix.discovery.DiscoveryClient    : Single vip registry refresh property : null
2020-04-03 13:20:01.531  INFO [users-service,,,] 10445 --- [restartedMain] com.netflix.discovery.DiscoveryClient    : Force full registry fetch : false
2020-04-03 13:20:01.531  INFO [users-service,,,] 10445 --- [restartedMain] com.netflix.discovery.DiscoveryClient    : Application is null : false
2020-04-03 13:20:01.531  INFO [users-service,,,] 10445 --- [restartedMain] com.netflix.discovery.DiscoveryClient    : Registered Applications size is zero : true
2020-04-03 13:20:01.531  INFO [users-service,,,] 10445 --- [restartedMain] com.netflix.discovery.DiscoveryClient    : Application version is -1: true
2020-04-03 13:20:01.531  INFO [users-service,,,] 10445 --- [restartedMain] com.netflix.discovery.DiscoveryClient    : Getting all instance registry info from the eureka server
2020-04-03 13:20:01.605  INFO [users-service,,,] 10445 --- [restartedMain] com.netflix.discovery.DiscoveryClient    : The response status is 200
2020-04-03 13:20:01.607  INFO [users-service,,,] 10445 --- [restartedMain] com.netflix.discovery.DiscoveryClient    : Starting heartbeat executor: renew interval is: 30
2020-04-03 13:20:01.609  INFO [users-service,,,] 10445 --- [restartedMain] c.n.discovery.InstanceInfoReplicator     : InstanceInfoReplicator onDemand update allowed rate per min is 4
2020-04-03 13:20:01.611  INFO [users-service,,,] 10445 --- [restartedMain] com.netflix.discovery.DiscoveryClient    : Discovery Client initialized at timestamp 1585938001610 with initial instances count: 3
2020-04-03 13:20:01.619  INFO [users-service,,,] 10445 --- [restartedMain] o.s.c.n.e.s.EurekaServiceRegistry        : Registering application USERS-SERVICE with eureka with status UP
2020-04-03 13:20:01.619  INFO [users-service,,,] 10445 --- [restartedMain] com.netflix.discovery.DiscoveryClient    : Saw local status change event StatusChangeEvent [timestamp=1585938001619, current=UP, previous=STARTING]
2020-04-03 13:20:01.621  INFO [users-service,,,] 10445 --- [DiscoveryClient-InstanceInfoReplicator-0] com.netflix.discovery.DiscoveryClient    : DiscoveryClient_USERS-SERVICE/192.168.0.139:users-service:0: registering service...
2020-04-03 13:20:01.627  INFO [users-service,,,] 10445 --- [restartedMain] c.e.p.PhotosAppUsersServiceApplication   : Started PhotosAppUsersServiceApplication in 10.639 seconds (JVM running for 11.453)
2020-04-03 13:20:01.642  INFO [users-service,,,] 10445 --- [DiscoveryClient-InstanceInfoReplicator-0] com.netflix.discovery.DiscoveryClient    : DiscoveryClient_USERS-SERVICE/192.168.0.139:users-service:0 - registration status: 204
2020-04-03 13:20:02.035  INFO [users-service,,,] 10445 --- [RMI TCP Connection(5)-127.0.0.1] o.a.c.c.C.[Tomcat].[localhost].[/]       : Initializing Spring DispatcherServlet 'dispatcherServlet'
2020-04-03 13:20:02.035  INFO [users-service,,,] 10445 --- [RMI TCP Connection(5)-127.0.0.1] o.s.web.servlet.DispatcherServlet        : Initializing Servlet 'dispatcherServlet'
2020-04-03 13:20:02.052  INFO [users-service,,,] 10445 --- [RMI TCP Connection(5)-127.0.0.1] o.s.web.servlet.DispatcherServlet        : Completed initialization in 16 ms
2020-04-03 13:20:02.063  INFO [users-service,,,] 10445 --- [RMI TCP Connection(4)-127.0.0.1] c.c.c.ConfigServicePropertySourceLocator : Fetching config from server at : http://localhost:8012
2020-04-03 13:20:02.617  INFO [users-service,,,] 10445 --- [RMI TCP Connection(4)-127.0.0.1] c.c.c.ConfigServicePropertySourceLocator : Located environment: name=config-server, profiles=[default], label=null, version=b9133d33be97539980fd5d4d4c4a2e530ab0ad2d, state=null
2020-04-03 13:22:17.826  INFO [users-service,,,] 10445 --- [SpringContextShutdownHook] o.s.c.n.e.s.EurekaServiceRegistry        : Unregistering application USERS-SERVICE with eureka with status DOWN
2020-04-03 13:22:17.827  WARN [users-service,,,] 10445 --- [SpringContextShutdownHook] com.netflix.discovery.DiscoveryClient    : Saw local status change event StatusChangeEvent [timestamp=1585938137826, current=DOWN, previous=UP]
2020-04-03 13:22:17.827  INFO [users-service,,,] 10445 --- [DiscoveryClient-InstanceInfoReplicator-0] com.netflix.discovery.DiscoveryClient    : DiscoveryClient_USERS-SERVICE/192.168.0.139:users-service:0: registering service...
2020-04-03 13:22:17.830  INFO [users-service,,,] 10445 --- [DiscoveryClient-InstanceInfoReplicator-0] com.netflix.discovery.DiscoveryClient    : DiscoveryClient_USERS-SERVICE/192.168.0.139:users-service:0 - registration status: 204
2020-04-03 13:22:17.846  INFO [users-service,,,] 10445 --- [SpringContextShutdownHook] o.s.a.r.l.SimpleMessageListenerContainer : Waiting for workers to finish.
2020-04-03 13:22:18.479  INFO [users-service,,,] 10445 --- [SpringContextShutdownHook] o.s.a.r.l.SimpleMessageListenerContainer : Successfully waited for workers to finish.
2020-04-03 13:22:18.479  INFO [users-service,,,] 10445 --- [SpringContextShutdownHook] o.s.i.a.i.AmqpInboundChannelAdapter      : stopped bean 'inbound.springCloudBus.anonymous.mXdDC9ACTC2ns_AZ_foYZA'
2020-04-03 13:22:18.484  INFO [users-service,,,] 10445 --- [SpringContextShutdownHook] o.s.c.stream.binder.BinderErrorChannel   : Channel 'application-1.springCloudBus.anonymous.mXdDC9ACTC2ns_AZ_foYZA.errors' has 1 subscriber(s).
2020-04-03 13:22:18.484  INFO [users-service,,,] 10445 --- [SpringContextShutdownHook] o.s.c.stream.binder.BinderErrorChannel   : Channel 'application-1.springCloudBus.anonymous.mXdDC9ACTC2ns_AZ_foYZA.errors' has 0 subscriber(s).
2020-04-03 13:22:18.489  INFO [users-service,,,] 10445 --- [SpringContextShutdownHook] o.s.i.endpoint.EventDrivenConsumer       : Removing {logging-channel-adapter:_org.springframework.integration.errorLogger} as a subscriber to the 'errorChannel' channel
2020-04-03 13:22:18.490  INFO [users-service,,,] 10445 --- [SpringContextShutdownHook] o.s.i.channel.PublishSubscribeChannel    : Channel 'application-1.errorChannel' has 0 subscriber(s).
2020-04-03 13:22:18.490  INFO [users-service,,,] 10445 --- [SpringContextShutdownHook] o.s.i.endpoint.EventDrivenConsumer       : stopped bean '_org.springframework.integration.errorLogger'
2020-04-03 13:22:18.493  INFO [users-service,,,] 10445 --- [SpringContextShutdownHook] o.s.s.concurrent.ThreadPoolTaskExecutor  : Shutting down ExecutorService 'applicationTaskExecutor'
2020-04-03 13:22:18.509  INFO [users-service,,,] 10445 --- [SpringContextShutdownHook] j.LocalContainerEntityManagerFactoryBean : Closing JPA EntityManagerFactory for persistence unit 'default'
2020-04-03 13:22:18.721  WARN [users-service,,,] 10445 --- [SpringContextShutdownHook] o.s.b.f.support.DisposableBeanAdapter    : Invocation of destroy method failed on bean with name 'inMemoryDatabaseShutdownExecutor': org.h2.jdbc.JdbcSQLNonTransientConnectionException: Database is already closed (to disable automatic closing at VM shutdown, add ";DB_CLOSE_ON_EXIT=FALSE" to the db URL) [90121-200]
2020-04-03 13:22:18.723  INFO [users-service,,,] 10445 --- [SpringContextShutdownHook] o.s.s.c.ThreadPoolTaskScheduler          : Shutting down ExecutorService 'taskScheduler'
2020-04-03 13:22:19.493  INFO [users-service,,,] 10445 --- [SpringContextShutdownHook] com.zaxxer.hikari.HikariDataSource       : HikariPool-1 - Shutdown initiated...
2020-04-03 13:22:19.495  INFO [users-service,,,] 10445 --- [SpringContextShutdownHook] com.zaxxer.hikari.HikariDataSource       : HikariPool-1 - Shutdown completed.
2020-04-03 13:22:19.496  INFO [users-service,,,] 10445 --- [SpringContextShutdownHook] o.s.i.monitor.IntegrationMBeanExporter   : Summary on shutdown: bean 'errorChannel'
2020-04-03 13:22:19.496  INFO [users-service,,,] 10445 --- [SpringContextShutdownHook] o.s.i.monitor.IntegrationMBeanExporter   : Summary on shutdown: bean 'springCloudBusInput'
2020-04-03 13:22:19.496  INFO [users-service,,,] 10445 --- [SpringContextShutdownHook] o.s.i.monitor.IntegrationMBeanExporter   : Summary on shutdown: bean 'springCloudBusOutput'
2020-04-03 13:22:19.496  INFO [users-service,,,] 10445 --- [SpringContextShutdownHook] o.s.i.monitor.IntegrationMBeanExporter   : Summary on shutdown: nullChannel
2020-04-03 13:22:19.496  INFO [users-service,,,] 10445 --- [SpringContextShutdownHook] o.s.i.monitor.IntegrationMBeanExporter   : Summary on shutdown: org.springframework.cloud.stream.binding.StreamListenerMessageHandler@211ee72b
2020-04-03 13:22:19.496  INFO [users-service,,,] 10445 --- [SpringContextShutdownHook] o.s.i.monitor.IntegrationMBeanExporter   : Summary on shutdown: bean '_org.springframework.integration.errorLogger.handler' for component '_org.springframework.integration.errorLogger'
2020-04-03 13:22:19.497  INFO [users-service,,,] 10445 --- [SpringContextShutdownHook] com.netflix.discovery.DiscoveryClient    : Shutting down DiscoveryClient ...
2020-04-03 13:22:22.501  INFO [users-service,,,] 10445 --- [SpringContextShutdownHook] com.netflix.discovery.DiscoveryClient    : Unregistering ...
2020-04-03 13:22:22.505  INFO [users-service,,,] 10445 --- [SpringContextShutdownHook] com.netflix.discovery.DiscoveryClient    : DiscoveryClient_USERS-SERVICE/192.168.0.139:users-service:0 - deregister  status: 200
2020-04-03 13:22:22.515  INFO [users-service,,,] 10445 --- [SpringContextShutdownHook] com.netflix.discovery.DiscoveryClient    : Completed shut down of DiscoveryClient
